Wed Jan 22 18:22:26 GMT 2014 : --PLANNING FOR ONE
Wed Jan 22 18:22:26 GMT 2014 : -----------------------------
Wed Jan 22 18:22:26 GMT 2014 : Petr >> Current plan: 
Wed Jan 22 18:22:26 GMT 2014 :  	 Plan is empty
Wed Jan 22 18:22:32 GMT 2014 : --PLANNING FOR ONE
Wed Jan 22 18:22:32 GMT 2014 : -----------------------------
Wed Jan 22 18:22:32 GMT 2014 : Honza >> Current plan: 
Wed Jan 22 18:22:32 GMT 2014 :  	 Plan is empty
Wed Jan 22 18:22:40 GMT 2014 : --PLANNING FOR ONE
Wed Jan 22 18:22:40 GMT 2014 : -----------------------------
Wed Jan 22 18:22:40 GMT 2014 : Jirik >> Current plan: 
Wed Jan 22 18:22:40 GMT 2014 :  	 Plan is empty
Wed Jan 22 18:22:50 GMT 2014 : --PLANNING FOR ONE
Wed Jan 22 18:22:50 GMT 2014 : -----------------------------
Wed Jan 22 18:22:50 GMT 2014 : Palcat >> Current plan: 
Wed Jan 22 18:22:50 GMT 2014 :  	 Plan is empty
Wed Jan 22 18:23:17 GMT 2014 : --PLANNING FOR ALL
Wed Jan 22 18:23:17 GMT 2014 : -----------------------------
Wed Jan 22 18:23:17 GMT 2014 : Honza >> Current plan: 
Wed Jan 22 18:23:17 GMT 2014 : 	 Tasks from project Weather, 1x
Wed Jan 22 18:23:17 GMT 2014 : -----------------------------
Wed Jan 22 18:23:17 GMT 2014 : Petr >> Current plan: 
Wed Jan 22 18:23:17 GMT 2014 : 	 Tasks from project Weather, 3x
Wed Jan 22 18:23:17 GMT 2014 : -----------------------------
Wed Jan 22 18:23:17 GMT 2014 : Jirik >> Current plan: 
Wed Jan 22 18:23:17 GMT 2014 : 	 Tasks from project Weather, 4x
Wed Jan 22 18:23:17 GMT 2014 : -----------------------------
Wed Jan 22 18:23:17 GMT 2014 : Palcat >> Current plan: 
Wed Jan 22 18:23:17 GMT 2014 : 	 Tasks from project Weather, 3x
Wed Jan 22 18:23:19 GMT 2014 : --PLANNING FOR ALL
Wed Jan 22 18:23:19 GMT 2014 : -----------------------------
Wed Jan 22 18:23:19 GMT 2014 : Honza >> Current plan: 
Wed Jan 22 18:23:19 GMT 2014 : 	 Tasks from project Weather, 1x
Wed Jan 22 18:23:19 GMT 2014 : -----------------------------
Wed Jan 22 18:23:19 GMT 2014 : Petr >> Current plan: 
Wed Jan 22 18:23:19 GMT 2014 : 	 Tasks from project TestProject, 1x
Wed Jan 22 18:23:19 GMT 2014 : 	 Tasks from project Weather, 1x
Wed Jan 22 18:23:19 GMT 2014 : -----------------------------
Wed Jan 22 18:23:19 GMT 2014 : Jirik >> Current plan: 
Wed Jan 22 18:23:19 GMT 2014 : 	 Tasks from project TestProject, 2x
Wed Jan 22 18:23:19 GMT 2014 : -----------------------------
Wed Jan 22 18:23:19 GMT 2014 : Palcat >> Current plan: 
Wed Jan 22 18:23:19 GMT 2014 : 	 Tasks from project Weather, 3x
Wed Jan 22 18:24:03 GMT 2014 : --PLANNING FOR ALL
Wed Jan 22 18:24:03 GMT 2014 : -----------------------------
Wed Jan 22 18:24:03 GMT 2014 : Honza >> Current plan: 
Wed Jan 22 18:24:03 GMT 2014 :  	 Plan is empty
Wed Jan 22 18:24:03 GMT 2014 : -----------------------------
Wed Jan 22 18:24:03 GMT 2014 : Petr >> Current plan: 
Wed Jan 22 18:24:03 GMT 2014 : 	 Tasks from project TestProject, 1x
Wed Jan 22 18:24:03 GMT 2014 : -----------------------------
Wed Jan 22 18:24:03 GMT 2014 : Jirik >> Current plan: 
Wed Jan 22 18:24:04 GMT 2014 : 	 Tasks from project TestProject, 2x
Wed Jan 22 18:24:04 GMT 2014 : -----------------------------
Wed Jan 22 18:24:04 GMT 2014 : Palcat >> Current plan: 
Wed Jan 22 18:24:04 GMT 2014 :  	 Plan is empty
Wed Jan 22 18:24:15 GMT 2014 : --PLANNING FOR ALL
Wed Jan 22 18:24:15 GMT 2014 : -----------------------------
Wed Jan 22 18:24:15 GMT 2014 : Honza >> Current plan: 
Wed Jan 22 18:24:15 GMT 2014 :  	 Plan is empty
Wed Jan 22 18:24:15 GMT 2014 : -----------------------------
Wed Jan 22 18:24:15 GMT 2014 : Petr >> Current plan: 
Wed Jan 22 18:24:15 GMT 2014 :  	 Plan is empty
Wed Jan 22 18:24:15 GMT 2014 : -----------------------------
Wed Jan 22 18:24:15 GMT 2014 : Jirik >> Current plan: 
Wed Jan 22 18:24:15 GMT 2014 :  	 Plan is empty
Wed Jan 22 18:24:15 GMT 2014 : -----------------------------
Wed Jan 22 18:24:15 GMT 2014 : Palcat >> Current plan: 
Wed Jan 22 18:24:15 GMT 2014 :  	 Plan is empty
