Sat Jan 25 18:25:19 GMT 2014 : --PLANNING FOR ONE
Sat Jan 25 18:43:45 GMT 2014 : --PLANNING FOR ALL
Sat Jan 25 18:43:45 GMT 2014 : ------------PROJECTS PLANNED ON------------
Sat Jan 25 18:43:45 GMT 2014 : Project  hasn't been planned for Weather planning
Sat Jan 25 18:44:39 GMT 2014 : --PLANNING FOR ONE
Sat Jan 25 18:44:39 GMT 2014 : ------------PROJECTS PLANNED ON------------
Sat Jan 25 18:44:39 GMT 2014 : 	 Project Weather is planned on:
Sat Jan 25 18:44:39 GMT 2014 : 		 Petr
Sat Jan 25 18:45:17 GMT 2014 : --PLANNING FOR ALL
Sat Jan 25 19:12:39 GMT 2014 : --PLANNING FOR ALL
Sat Jan 25 19:12:39 GMT 2014 : ------------PROJECTS PLANNED ON------------
Sat Jan 25 19:12:39 GMT 2014 : Project  hasn't been planned for ProjectA planning
Sat Jan 25 19:13:13 GMT 2014 : --PLANNING FOR ONE
Sat Jan 25 19:13:13 GMT 2014 : ------------PROJECTS PLANNED ON------------
Sat Jan 25 19:13:13 GMT 2014 : 	 Project ProjectA is planned on:
Sat Jan 25 19:13:13 GMT 2014 : 		 Petr
Sat Jan 25 19:13:28 GMT 2014 : --PLANNING FOR ALL
Sat Jan 25 19:15:28 GMT 2014 : --PLANNING FOR ALL
Sat Jan 25 19:15:28 GMT 2014 : ------------PROJECTS PLANNED ON------------
Sat Jan 25 19:15:28 GMT 2014 : Project  hasn't been planned for ProjectA planning
Sat Jan 25 19:15:30 GMT 2014 : --PLANNING FOR ONE
Sat Jan 25 19:15:30 GMT 2014 : ------------PROJECTS PLANNED ON------------
Sat Jan 25 19:15:30 GMT 2014 : 	 Project ProjectA is planned on:
Sat Jan 25 19:15:30 GMT 2014 : 		 Petr
Sat Jan 25 19:16:07 GMT 2014 : --PLANNING FOR ALL
Sat Jan 25 19:17:34 GMT 2014 : --PLANNING FOR ONE
Sat Jan 25 19:17:34 GMT 2014 : --PLANNING FOR ALL
Sat Jan 25 19:17:34 GMT 2014 : ------------PROJECTS PLANNED ON------------
Sat Jan 25 19:17:34 GMT 2014 : 	 Project ProjectA is planned on:
Sat Jan 25 19:17:34 GMT 2014 : 		 Petr
Sat Jan 25 19:19:09 GMT 2014 : --PLANNING FOR ALL
Sat Jan 25 19:19:09 GMT 2014 : ------------PROJECTS PLANNED ON------------
Sat Jan 25 19:19:09 GMT 2014 : Project  hasn't been planned for ProjectA planning
Sat Jan 25 19:19:09 GMT 2014 : --PLANNING FOR ONE
Sat Jan 25 19:19:09 GMT 2014 : ------------PROJECTS PLANNED ON------------
Sat Jan 25 19:19:09 GMT 2014 : 	 Project ProjectA is planned on:
Sat Jan 25 19:19:09 GMT 2014 : 		 Petr
Sat Jan 25 19:21:45 GMT 2014 : --PLANNING FOR ONE
Sat Jan 25 19:21:45 GMT 2014 : --PLANNING FOR ALL
Sat Jan 25 19:21:45 GMT 2014 : ------------PROJECTS PLANNED ON------------
Sat Jan 25 19:21:45 GMT 2014 : 	 Project ProjectA is planned on:
Sat Jan 25 19:21:45 GMT 2014 : 		 Petr
Mon Jan 27 15:09:17 GMT 2014 : --PLANNING FOR ONE
Mon Jan 27 15:10:43 GMT 2014 : --PLANNING FOR ALL
Mon Jan 27 15:10:43 GMT 2014 : ------------PROJECTS PLANNED ON------------
Mon Jan 27 15:10:43 GMT 2014 : 	 Project ProjectB is planned on:
Mon Jan 27 15:10:43 GMT 2014 : 		 Petr
Mon Jan 27 15:25:28 GMT 2014 : --PLANNING FOR ALL
Mon Jan 27 15:25:28 GMT 2014 : ------------PROJECTS PLANNED ON------------
Mon Jan 27 15:25:28 GMT 2014 : Project  hasn't been planned for ProjectC planning
Mon Jan 27 15:39:21 GMT 2014 : --PLANNING FOR ALL
Mon Jan 27 15:39:21 GMT 2014 : ------------PROJECTS PLANNED ON------------
Mon Jan 27 15:39:21 GMT 2014 : Project  hasn't been planned for ProjectC planning
Mon Jan 27 15:46:45 GMT 2014 : --PLANNING FOR ALL
Mon Jan 27 15:46:45 GMT 2014 : ------------PROJECTS PLANNED ON------------
Mon Jan 27 15:46:45 GMT 2014 : Project  hasn't been planned for ProjectC planning
Mon Jan 27 15:48:40 GMT 2014 : --PLANNING FOR ALL
Mon Jan 27 15:48:40 GMT 2014 : ------------PROJECTS PLANNED ON------------
Mon Jan 27 15:48:40 GMT 2014 : Project  hasn't been planned for ProjectC planning
Mon Jan 27 15:50:58 GMT 2014 : --PLANNING FOR ALL
Mon Jan 27 15:50:58 GMT 2014 : ------------PROJECTS PLANNED ON------------
Mon Jan 27 15:50:58 GMT 2014 : Project  hasn't been planned for ProjectC planning
Mon Jan 27 16:50:10 GMT 2014 : --PLANNING FOR ALL
Mon Jan 27 16:50:10 GMT 2014 : ------------PROJECTS PLANNED ON------------
Mon Jan 27 16:50:10 GMT 2014 : Project  hasn't been planned for ProjectC planning
Mon Jan 27 17:10:10 GMT 2014 : --PLANNING FOR ALL
Mon Jan 27 17:10:10 GMT 2014 : ------------PROJECTS PLANNED ON------------
Mon Jan 27 17:10:10 GMT 2014 : Project  hasn't been planned for ProjectC planning
Mon Jan 27 17:26:01 GMT 2014 : --PLANNING FOR ALL
Mon Jan 27 17:26:01 GMT 2014 : ------------PROJECTS PLANNED ON------------
Mon Jan 27 17:26:01 GMT 2014 : Project  hasn't been planned for ProjectF planning
Mon Jan 27 17:28:19 GMT 2014 : --PLANNING FOR ALL
Mon Jan 27 17:28:19 GMT 2014 : ------------PROJECTS PLANNED ON------------
Mon Jan 27 17:28:19 GMT 2014 : Project  hasn't been planned for ProjectF planning
Mon Jan 27 17:43:45 GMT 2014 : --PLANNING FOR ALL
Mon Jan 27 17:43:45 GMT 2014 : ------------PROJECTS PLANNED ON------------
Mon Jan 27 17:43:45 GMT 2014 : Project  hasn't been planned for ProjectF planning
Mon Jan 27 18:21:34 GMT 2014 : --PLANNING FOR ALL
Mon Jan 27 18:21:34 GMT 2014 : ------------PROJECTS PLANNED ON------------
Mon Jan 27 18:21:34 GMT 2014 : Project  hasn't been planned for ProjectF planning
Mon Jan 27 18:21:44 GMT 2014 : --PLANNING FOR ALL
Mon Mar 03 18:18:57 GMT 2014 : --PLANNING FOR ALL
Mon Mar 03 18:18:57 GMT 2014 : ------------PROJECTS PLANNED ON------------
Mon Mar 03 18:18:57 GMT 2014 : Project  hasn't been planned for Weather planning
Mon Mar 03 18:19:00 GMT 2014 : --PLANNING FOR ONE
Mon Mar 03 18:19:00 GMT 2014 : ------------PROJECTS PLANNED ON------------
Mon Mar 03 18:19:00 GMT 2014 : 	 Project Weather is planned on:
Mon Mar 03 18:19:00 GMT 2014 : 		 Petr
Thu Mar 06 18:03:55 GMT 2014 : --PLANNING FOR ALL
Thu Mar 06 18:03:55 GMT 2014 : ------------PROJECTS PLANNED ON------------
Thu Mar 06 18:03:55 GMT 2014 : Project  hasn't been planned for ProjectA planning
Thu Mar 06 18:04:02 GMT 2014 : --PLANNING FOR ALL
Thu Mar 06 18:04:02 GMT 2014 : ------------PROJECTS PLANNED ON------------
Thu Mar 06 18:04:02 GMT 2014 : Project  hasn't been planned for ProjectB planning
Thu Mar 06 18:04:02 GMT 2014 : Project  hasn't been planned for ProjectA planning
Thu Mar 06 18:04:54 GMT 2014 : --PLANNING FOR ONE
Thu Mar 06 18:04:54 GMT 2014 : ------------PROJECTS PLANNED ON------------
Thu Mar 06 18:04:54 GMT 2014 : Project  hasn't been planned for ProjectB planning
Thu Mar 06 18:04:54 GMT 2014 : 	 Project ProjectA is planned on:
Thu Mar 06 18:04:54 GMT 2014 : 		 Petr
Fri Mar 07 01:30:59 GMT 2014 : --PLANNING FOR ALL
Fri Mar 07 01:30:59 GMT 2014 : ------------PROJECTS PLANNED ON------------
Fri Mar 07 01:30:59 GMT 2014 : Project  hasn't been planned for ProjectA planning
Fri Mar 07 01:31:08 GMT 2014 : --PLANNING FOR ALL
Fri Mar 07 01:31:08 GMT 2014 : ------------PROJECTS PLANNED ON------------
Fri Mar 07 01:31:08 GMT 2014 : Project  hasn't been planned for ProjectB planning
Fri Mar 07 01:31:08 GMT 2014 : Project  hasn't been planned for ProjectA planning
Fri Mar 07 01:31:25 GMT 2014 : --PLANNING FOR ONE
Fri Mar 07 01:31:25 GMT 2014 : ------------PROJECTS PLANNED ON------------
Fri Mar 07 01:31:25 GMT 2014 : 	 Project ProjectB is planned on:
Fri Mar 07 01:31:25 GMT 2014 : 		 Petr
Fri Mar 07 01:31:25 GMT 2014 : Project  hasn't been planned for ProjectA planning
Thu Jun 05 15:52:28 CEST 2014 : --PLANNING FOR ONE
Thu Jun 05 15:52:33 CEST 2014 : --PLANNING FOR ONE
Thu Jun 05 15:58:35 CEST 2014 : --PLANNING FOR ALL
Thu Jun 05 15:58:35 CEST 2014 : ------------PROJECTS PLANNED ON------------
Thu Jun 05 15:58:35 CEST 2014 : 	 Project ProjectC is planned on:
Thu Jun 05 15:58:35 CEST 2014 : 		 Jakub
Thu Jun 05 15:58:35 CEST 2014 : 		 pepa
Thu Jun 05 15:58:35 CEST 2014 : Project  hasn't been planned for ProjectA planning
Thu Jun 05 15:58:35 CEST 2014 : Project  hasn't been planned for ProjectB planning
Thu Jun 05 15:58:36 CEST 2014 : --PLANNING FOR ALL
Thu Jun 05 15:58:36 CEST 2014 : ------------PROJECTS PLANNED ON------------
Thu Jun 05 15:58:36 CEST 2014 : 	 Project ProjectC is planned on:
Thu Jun 05 15:58:36 CEST 2014 : 		 Jakub
Thu Jun 05 15:58:36 CEST 2014 : 		 pepa
Thu Jun 05 15:58:36 CEST 2014 : Project  hasn't been planned for ProjectA planning
Thu Jun 05 15:58:36 CEST 2014 : Project  hasn't been planned for ProjectB planning
Thu Jun 05 15:58:36 CEST 2014 : Project  hasn't been planned for ProjectD planning
Thu Jun 05 15:58:48 CEST 2014 : --PLANNING FOR ALL
Thu Jun 05 15:58:48 CEST 2014 : ------------PROJECTS PLANNED ON------------
Thu Jun 05 15:58:48 CEST 2014 : 	 Project ProjectC is planned on:
Thu Jun 05 15:58:48 CEST 2014 : 		 Jakub
Thu Jun 05 15:58:48 CEST 2014 : 		 pepa
Thu Jun 05 15:58:48 CEST 2014 : Project  hasn't been planned for ProjectA planning
Thu Jun 05 15:58:48 CEST 2014 : Project  hasn't been planned for ProjectB planning
Thu Jun 05 15:58:48 CEST 2014 : Project  hasn't been planned for ProjectD planning
Thu Jun 05 15:58:48 CEST 2014 : Project  hasn't been planned for ProjectF planning
Thu Jun 05 15:58:48 CEST 2014 : --PLANNING FOR ALL
Thu Jun 05 15:58:48 CEST 2014 : ------------PROJECTS PLANNED ON------------
Thu Jun 05 15:58:48 CEST 2014 : 	 Project ProjectC is planned on:
Thu Jun 05 15:58:48 CEST 2014 : 		 Jakub
Thu Jun 05 15:58:48 CEST 2014 : 		 pepa
Thu Jun 05 15:58:48 CEST 2014 : Project  hasn't been planned for ProjectA planning
Thu Jun 05 15:58:48 CEST 2014 : Project  hasn't been planned for ProjectB planning
Thu Jun 05 15:58:48 CEST 2014 : Project  hasn't been planned for ProjectD planning
Thu Jun 05 15:58:48 CEST 2014 : Project  hasn't been planned for ProjectE planning
Thu Jun 05 15:58:48 CEST 2014 : Project  hasn't been planned for ProjectF planning
