Tue Jan 21 14:33:50 GMT 2014 : 
PLANNING FOR ALL
Tue Jan 21 14:33:50 GMT 2014 : ------------NEW POSSIBLE ASSOCIATION------------
Tue Jan 21 14:33:50 GMT 2014 : 	 Project Weather could be planned on:
Tue Jan 21 14:33:50 GMT 2014 : 		 Honza
Tue Jan 21 14:33:50 GMT 2014 : 		 Petr
Tue Jan 21 14:33:50 GMT 2014 : 		 Jirik
Tue Jan 21 14:33:50 GMT 2014 : 		 Palcat
Tue Jan 21 14:33:52 GMT 2014 : 
PLANNING FOR ALL
Tue Jan 21 14:33:52 GMT 2014 : ------------NEW POSSIBLE ASSOCIATION------------
Tue Jan 21 14:33:52 GMT 2014 : 	 Project TestProject could be planned on:
Tue Jan 21 14:33:52 GMT 2014 : 		 Petr
Tue Jan 21 14:33:52 GMT 2014 : 		 Jirik
Tue Jan 21 14:33:52 GMT 2014 : 	 Project Weather could be planned on:
Tue Jan 21 14:33:52 GMT 2014 : 		 Honza
Tue Jan 21 14:33:52 GMT 2014 : 		 Petr
Tue Jan 21 14:33:52 GMT 2014 : 		 Jirik
Tue Jan 21 14:33:52 GMT 2014 : 		 Palcat
Tue Jan 21 14:34:32 GMT 2014 : 
PLANNING FOR ALL
Tue Jan 21 14:34:32 GMT 2014 : ------------NEW POSSIBLE ASSOCIATION------------
Tue Jan 21 14:34:32 GMT 2014 : 	 Project TestProject could be planned on:
Tue Jan 21 14:34:32 GMT 2014 : 		 Petr
Tue Jan 21 14:34:32 GMT 2014 : 		 Jirik
Tue Jan 21 14:34:40 GMT 2014 : 
PLANNING FOR ALL
