Wed Jan 22 18:23:21 GMT 2014 : -----------------------------
Wed Jan 22 18:23:21 GMT 2014 : Palcat >> Current tasks: 
Wed Jan 22 18:23:21 GMT 2014 : 	 Task data_1.txt from project Weather
Wed Jan 22 18:23:21 GMT 2014 : -----------------------------
Wed Jan 22 18:23:21 GMT 2014 : Jirik >> Current tasks: 
Wed Jan 22 18:23:21 GMT 2014 : 	 Task data_8.txt from project TestProject
Wed Jan 22 18:23:22 GMT 2014 : -----------------------------
Wed Jan 22 18:23:22 GMT 2014 : Palcat >> Current tasks: 
Wed Jan 22 18:23:22 GMT 2014 : 	 Task data_1.txt from project Weather
Wed Jan 22 18:23:22 GMT 2014 : 	 Task data_7.txt from project Weather
Wed Jan 22 18:23:24 GMT 2014 : -----------------------------
Wed Jan 22 18:23:24 GMT 2014 : Jirik >> Current tasks: 
Wed Jan 22 18:23:24 GMT 2014 : 	 Task data_8.txt from project TestProject
Wed Jan 22 18:23:24 GMT 2014 : 	 Task data_0.txt from project TestProject
Wed Jan 22 18:23:27 GMT 2014 : -----------------------------
Wed Jan 22 18:23:27 GMT 2014 : Honza >> Current tasks: 
Wed Jan 22 18:23:27 GMT 2014 : 	 Task data_9.txt from project Weather
Wed Jan 22 18:23:30 GMT 2014 : -----------------------------
Wed Jan 22 18:23:30 GMT 2014 : Palcat >> Current tasks: 
Wed Jan 22 18:23:30 GMT 2014 : 	 Task data_1.txt from project Weather
Wed Jan 22 18:23:30 GMT 2014 : 	 Task data_7.txt from project Weather
Wed Jan 22 18:23:30 GMT 2014 : 	 Task data_0.txt from project Weather
Wed Jan 22 18:23:33 GMT 2014 : -----------------------------
Wed Jan 22 18:23:33 GMT 2014 : Petr >> Current tasks: 
Wed Jan 22 18:23:33 GMT 2014 : 	 Task data_7.txt from project TestProject
Wed Jan 22 18:23:36 GMT 2014 : -----------------------------
Wed Jan 22 18:23:36 GMT 2014 : Petr >> Current tasks: 
Wed Jan 22 18:23:36 GMT 2014 : 	 Task data_7.txt from project TestProject
Wed Jan 22 18:23:36 GMT 2014 : 	 Task data_3.txt from project Weather
Wed Jan 22 18:23:36 GMT 2014 : -----------------------------
Wed Jan 22 18:23:36 GMT 2014 : Palcat >> Current tasks: 
Wed Jan 22 18:23:36 GMT 2014 : 	 Task data_7.txt from project Weather
Wed Jan 22 18:23:36 GMT 2014 : 	 Task data_0.txt from project Weather
Wed Jan 22 18:23:39 GMT 2014 : -----------------------------
Wed Jan 22 18:23:39 GMT 2014 : Palcat >> Current tasks: 
Wed Jan 22 18:23:39 GMT 2014 : 	 Task data_7.txt from project Weather
Wed Jan 22 18:23:39 GMT 2014 : 	 Task data_0.txt from project Weather
Wed Jan 22 18:23:39 GMT 2014 : 	 Task data_5.txt from project Weather
Wed Jan 22 18:23:39 GMT 2014 : -----------------------------
Wed Jan 22 18:23:40 GMT 2014 : Jirik >> Current tasks: 
Wed Jan 22 18:23:40 GMT 2014 : 	 Task data_0.txt from project TestProject
Wed Jan 22 18:23:43 GMT 2014 : -----------------------------
Wed Jan 22 18:23:43 GMT 2014 : Jirik >> Current tasks: 
Wed Jan 22 18:23:43 GMT 2014 : 	 Task data_0.txt from project TestProject
Wed Jan 22 18:23:43 GMT 2014 : 	 Task data_9.txt from project TestProject
Wed Jan 22 18:23:43 GMT 2014 : -----------------------------
Wed Jan 22 18:23:44 GMT 2014 : Palcat >> Current tasks: 
Wed Jan 22 18:23:44 GMT 2014 : 	 Task data_0.txt from project Weather
Wed Jan 22 18:23:44 GMT 2014 : 	 Task data_5.txt from project Weather
Wed Jan 22 18:23:46 GMT 2014 : -----------------------------
Wed Jan 22 18:23:46 GMT 2014 : Palcat >> Current tasks: 
Wed Jan 22 18:23:46 GMT 2014 : 	 Task data_0.txt from project Weather
Wed Jan 22 18:23:47 GMT 2014 : 	 Task data_5.txt from project Weather
Wed Jan 22 18:23:47 GMT 2014 : 	 Task data_2.txt from project Weather
Wed Jan 22 18:23:49 GMT 2014 : -----------------------------
Wed Jan 22 18:23:49 GMT 2014 : Palcat >> Current tasks: 
Wed Jan 22 18:23:49 GMT 2014 : 	 Task data_5.txt from project Weather
Wed Jan 22 18:23:49 GMT 2014 : 	 Task data_2.txt from project Weather
Wed Jan 22 18:23:51 GMT 2014 : -----------------------------
Wed Jan 22 18:23:51 GMT 2014 : Palcat >> Current tasks: 
Wed Jan 22 18:23:51 GMT 2014 : 	 Task data_5.txt from project Weather
Wed Jan 22 18:23:51 GMT 2014 : 	 Task data_2.txt from project Weather
Wed Jan 22 18:23:51 GMT 2014 : 	 Task data_4.txt from project Weather
Wed Jan 22 18:23:51 GMT 2014 : -----------------------------
Wed Jan 22 18:23:52 GMT 2014 : Honza >> Current tasks: 
Wed Jan 22 18:23:54 GMT 2014 : -----------------------------
Wed Jan 22 18:23:54 GMT 2014 : Honza >> Current tasks: 
Wed Jan 22 18:23:54 GMT 2014 : 	 Task data_6.txt from project Weather
Wed Jan 22 18:23:56 GMT 2014 : -----------------------------
Wed Jan 22 18:23:56 GMT 2014 : Jirik >> Current tasks: 
Wed Jan 22 18:23:56 GMT 2014 : 	 Task data_9.txt from project TestProject
Wed Jan 22 18:23:58 GMT 2014 : -----------------------------
Wed Jan 22 18:23:59 GMT 2014 : Jirik >> Current tasks: 
Wed Jan 22 18:23:59 GMT 2014 : 	 Task data_9.txt from project TestProject
Wed Jan 22 18:23:59 GMT 2014 : 	 Task data_6.txt from project TestProject
Wed Jan 22 18:23:59 GMT 2014 : -----------------------------
Wed Jan 22 18:23:59 GMT 2014 : Petr >> Current tasks: 
Wed Jan 22 18:24:00 GMT 2014 : 	 Task data_3.txt from project Weather
Wed Jan 22 18:24:01 GMT 2014 : -----------------------------
Wed Jan 22 18:24:01 GMT 2014 : Jirik >> Current tasks: 
Wed Jan 22 18:24:01 GMT 2014 : 	 Task data_6.txt from project TestProject
Wed Jan 22 18:24:03 GMT 2014 : -----------------------------
Wed Jan 22 18:24:03 GMT 2014 : Jirik >> Current tasks: 
Wed Jan 22 18:24:03 GMT 2014 : 	 Task data_6.txt from project TestProject
Wed Jan 22 18:24:03 GMT 2014 : 	 Task data_4.txt from project TestProject
Wed Jan 22 18:24:03 GMT 2014 : -----------------------------
Wed Jan 22 18:24:03 GMT 2014 : Petr >> Current tasks: 
Wed Jan 22 18:24:04 GMT 2014 : -----------------------------
Wed Jan 22 18:24:04 GMT 2014 : Palcat >> Current tasks: 
Wed Jan 22 18:24:04 GMT 2014 : 	 Task data_5.txt from project Weather
Wed Jan 22 18:24:04 GMT 2014 : 	 Task data_4.txt from project Weather
Wed Jan 22 18:24:05 GMT 2014 : -----------------------------
Wed Jan 22 18:24:05 GMT 2014 : Petr >> Current tasks: 
Wed Jan 22 18:24:05 GMT 2014 : 	 Task data_8.txt from project Weather
Wed Jan 22 18:24:06 GMT 2014 : -----------------------------
Wed Jan 22 18:24:06 GMT 2014 : Palcat >> Current tasks: 
Wed Jan 22 18:24:06 GMT 2014 : 	 Task data_4.txt from project Weather
Wed Jan 22 18:24:07 GMT 2014 : -----------------------------
Wed Jan 22 18:24:07 GMT 2014 : Palcat >> Current tasks: 
Wed Jan 22 18:24:15 GMT 2014 : -----------------------------
Wed Jan 22 18:24:15 GMT 2014 : Jirik >> Current tasks: 
Wed Jan 22 18:24:15 GMT 2014 : 	 Task data_4.txt from project TestProject
Wed Jan 22 18:24:16 GMT 2014 : -----------------------------
Wed Jan 22 18:24:16 GMT 2014 : Petr >> Current tasks: 
Wed Jan 22 18:24:16 GMT 2014 : 	 Task data_5.txt from project TestProject
Wed Jan 22 18:24:16 GMT 2014 : 	 Task data_8.txt from project Weather
Wed Jan 22 18:24:16 GMT 2014 : -----------------------------
Wed Jan 22 18:24:16 GMT 2014 : Honza >> Current tasks: 
Wed Jan 22 18:24:17 GMT 2014 : -----------------------------
Wed Jan 22 18:24:17 GMT 2014 : Jirik >> Current tasks: 
Wed Jan 22 18:24:17 GMT 2014 : 	 Task data_4.txt from project TestProject
Wed Jan 22 18:24:17 GMT 2014 : 	 Task data_1.txt from project TestProject
Wed Jan 22 18:24:18 GMT 2014 : -----------------------------
Wed Jan 22 18:24:18 GMT 2014 : Jirik >> Current tasks: 
Wed Jan 22 18:24:18 GMT 2014 : 	 Task data_1.txt from project TestProject
Wed Jan 22 18:24:20 GMT 2014 : -----------------------------
Wed Jan 22 18:24:20 GMT 2014 : Jirik >> Current tasks: 
Wed Jan 22 18:24:20 GMT 2014 : 	 Task data_1.txt from project TestProject
Wed Jan 22 18:24:20 GMT 2014 : 	 Task data_3.txt from project TestProject
Wed Jan 22 18:24:27 GMT 2014 : -----------------------------
Wed Jan 22 18:24:27 GMT 2014 : Petr >> Current tasks: 
Wed Jan 22 18:24:27 GMT 2014 : 	 Task data_8.txt from project Weather
Wed Jan 22 18:24:27 GMT 2014 : -----------------------------
Wed Jan 22 18:24:27 GMT 2014 : Petr >> Current tasks: 
Wed Jan 22 18:24:28 GMT 2014 : -----------------------------
Wed Jan 22 18:24:28 GMT 2014 : Petr >> Current tasks: 
Wed Jan 22 18:24:28 GMT 2014 : 	 Task data_2.txt from project TestProject
Wed Jan 22 18:24:33 GMT 2014 : -----------------------------
Wed Jan 22 18:24:33 GMT 2014 : Jirik >> Current tasks: 
Wed Jan 22 18:24:33 GMT 2014 : 	 Task data_3.txt from project TestProject
Wed Jan 22 18:24:36 GMT 2014 : -----------------------------
Wed Jan 22 18:24:36 GMT 2014 : Jirik >> Current tasks: 
Wed Jan 22 18:24:37 GMT 2014 : -----------------------------
Wed Jan 22 18:24:37 GMT 2014 : Petr >> Current tasks: 
Fri Jan 24 23:25:02 GMT 2014 : -----------------------------
Fri Jan 24 23:25:02 GMT 2014 : Jakub >> Current tasks: 
Fri Jan 24 23:25:02 GMT 2014 : 	 Task data_7.txt from project TestProject
Fri Jan 24 23:25:03 GMT 2014 : -----------------------------
Fri Jan 24 23:25:03 GMT 2014 : Jakub >> Current tasks: 
Fri Jan 24 23:25:03 GMT 2014 : 	 Task data_7.txt from project TestProject
Fri Jan 24 23:25:03 GMT 2014 : 	 Task data_9.txt from project TestProject
Fri Jan 24 23:25:05 GMT 2014 : -----------------------------
Fri Jan 24 23:25:05 GMT 2014 : Jakub >> Current tasks: 
Fri Jan 24 23:25:05 GMT 2014 : 	 Task data_7.txt from project TestProject
Fri Jan 24 23:25:05 GMT 2014 : 	 Task data_9.txt from project TestProject
Fri Jan 24 23:25:05 GMT 2014 : 	 Task data_5.txt from project TestProject
Fri Jan 24 23:25:07 GMT 2014 : -----------------------------
Fri Jan 24 23:25:07 GMT 2014 : Jakub >> Current tasks: 
Fri Jan 24 23:25:07 GMT 2014 : 	 Task data_7.txt from project TestProject
Fri Jan 24 23:25:07 GMT 2014 : 	 Task data_9.txt from project TestProject
Fri Jan 24 23:25:08 GMT 2014 : 	 Task data_5.txt from project TestProject
Fri Jan 24 23:25:08 GMT 2014 : 	 Task data_2.txt from project TestProject
Fri Jan 24 23:25:10 GMT 2014 : -----------------------------
Fri Jan 24 23:25:10 GMT 2014 : Jakub >> Current tasks: 
Fri Jan 24 23:25:10 GMT 2014 : 	 Task data_7.txt from project TestProject
Fri Jan 24 23:25:10 GMT 2014 : 	 Task data_9.txt from project TestProject
Fri Jan 24 23:25:10 GMT 2014 : 	 Task data_5.txt from project TestProject
Fri Jan 24 23:25:10 GMT 2014 : 	 Task data_2.txt from project TestProject
Fri Jan 24 23:25:10 GMT 2014 : 	 Task data_1.txt from project TestProject
Fri Jan 24 23:25:12 GMT 2014 : -----------------------------
Fri Jan 24 23:25:12 GMT 2014 : Jakub >> Current tasks: 
Fri Jan 24 23:25:12 GMT 2014 : 	 Task data_7.txt from project TestProject
Fri Jan 24 23:25:12 GMT 2014 : 	 Task data_9.txt from project TestProject
Fri Jan 24 23:25:12 GMT 2014 : 	 Task data_5.txt from project TestProject
Fri Jan 24 23:25:13 GMT 2014 : 	 Task data_2.txt from project TestProject
Fri Jan 24 23:25:13 GMT 2014 : 	 Task data_1.txt from project TestProject
Fri Jan 24 23:25:13 GMT 2014 : 	 Task data_0.txt from project TestProject
Fri Jan 24 23:25:17 GMT 2014 : -----------------------------
Fri Jan 24 23:25:17 GMT 2014 : Jakub >> Current tasks: 
Fri Jan 24 23:25:17 GMT 2014 : 	 Task data_9.txt from project TestProject
Fri Jan 24 23:25:17 GMT 2014 : 	 Task data_5.txt from project TestProject
Fri Jan 24 23:25:17 GMT 2014 : 	 Task data_2.txt from project TestProject
Fri Jan 24 23:25:17 GMT 2014 : 	 Task data_1.txt from project TestProject
Fri Jan 24 23:25:17 GMT 2014 : 	 Task data_0.txt from project TestProject
Fri Jan 24 23:25:19 GMT 2014 : -----------------------------
Fri Jan 24 23:25:19 GMT 2014 : Jakub >> Current tasks: 
Fri Jan 24 23:25:19 GMT 2014 : 	 Task data_9.txt from project TestProject
Fri Jan 24 23:25:19 GMT 2014 : 	 Task data_5.txt from project TestProject
Fri Jan 24 23:25:19 GMT 2014 : 	 Task data_2.txt from project TestProject
Fri Jan 24 23:25:19 GMT 2014 : 	 Task data_1.txt from project TestProject
Fri Jan 24 23:25:19 GMT 2014 : 	 Task data_0.txt from project TestProject
Fri Jan 24 23:25:20 GMT 2014 : 	 Task data_8.txt from project TestProject
Fri Jan 24 23:25:22 GMT 2014 : -----------------------------
Fri Jan 24 23:25:22 GMT 2014 : Jakub >> Current tasks: 
Fri Jan 24 23:25:22 GMT 2014 : 	 Task data_9.txt from project TestProject
Fri Jan 24 23:25:22 GMT 2014 : 	 Task data_2.txt from project TestProject
Fri Jan 24 23:25:22 GMT 2014 : 	 Task data_1.txt from project TestProject
Fri Jan 24 23:25:22 GMT 2014 : 	 Task data_0.txt from project TestProject
Fri Jan 24 23:25:22 GMT 2014 : 	 Task data_8.txt from project TestProject
Fri Jan 24 23:25:24 GMT 2014 : -----------------------------
Fri Jan 24 23:25:24 GMT 2014 : Jakub >> Current tasks: 
Fri Jan 24 23:25:24 GMT 2014 : 	 Task data_2.txt from project TestProject
Fri Jan 24 23:25:24 GMT 2014 : 	 Task data_1.txt from project TestProject
Fri Jan 24 23:25:24 GMT 2014 : 	 Task data_0.txt from project TestProject
Fri Jan 24 23:25:24 GMT 2014 : 	 Task data_8.txt from project TestProject
Fri Jan 24 23:25:26 GMT 2014 : -----------------------------
Fri Jan 24 23:25:26 GMT 2014 : Jakub >> Current tasks: 
Fri Jan 24 23:25:26 GMT 2014 : 	 Task data_2.txt from project TestProject
Fri Jan 24 23:25:26 GMT 2014 : 	 Task data_1.txt from project TestProject
Fri Jan 24 23:25:26 GMT 2014 : 	 Task data_0.txt from project TestProject
Fri Jan 24 23:25:26 GMT 2014 : 	 Task data_8.txt from project TestProject
Fri Jan 24 23:25:26 GMT 2014 : 	 Task data_4.txt from project TestProject
Fri Jan 24 23:25:27 GMT 2014 : -----------------------------
Fri Jan 24 23:25:27 GMT 2014 : Jakub >> Current tasks: 
Fri Jan 24 23:25:27 GMT 2014 : 	 Task data_2.txt from project TestProject
Fri Jan 24 23:25:27 GMT 2014 : 	 Task data_1.txt from project TestProject
Fri Jan 24 23:25:27 GMT 2014 : 	 Task data_8.txt from project TestProject
Fri Jan 24 23:25:27 GMT 2014 : 	 Task data_4.txt from project TestProject
Fri Jan 24 23:25:28 GMT 2014 : -----------------------------
Fri Jan 24 23:25:28 GMT 2014 : Jakub >> Current tasks: 
Fri Jan 24 23:25:28 GMT 2014 : 	 Task data_1.txt from project TestProject
Fri Jan 24 23:25:28 GMT 2014 : 	 Task data_8.txt from project TestProject
Fri Jan 24 23:25:28 GMT 2014 : 	 Task data_4.txt from project TestProject
Fri Jan 24 23:25:30 GMT 2014 : -----------------------------
Fri Jan 24 23:25:30 GMT 2014 : Jakub >> Current tasks: 
Fri Jan 24 23:25:30 GMT 2014 : 	 Task data_8.txt from project TestProject
Fri Jan 24 23:25:30 GMT 2014 : 	 Task data_4.txt from project TestProject
Fri Jan 24 23:25:31 GMT 2014 : -----------------------------
Fri Jan 24 23:25:31 GMT 2014 : Jakub >> Current tasks: 
Fri Jan 24 23:25:31 GMT 2014 : 	 Task data_8.txt from project TestProject
Fri Jan 24 23:25:31 GMT 2014 : 	 Task data_4.txt from project TestProject
Fri Jan 24 23:25:31 GMT 2014 : 	 Task data_3.txt from project TestProject
Fri Jan 24 23:25:32 GMT 2014 : -----------------------------
Fri Jan 24 23:25:32 GMT 2014 : Jakub >> Current tasks: 
Fri Jan 24 23:25:32 GMT 2014 : 	 Task data_4.txt from project TestProject
Fri Jan 24 23:25:32 GMT 2014 : 	 Task data_3.txt from project TestProject
Fri Jan 24 23:25:33 GMT 2014 : -----------------------------
Fri Jan 24 23:25:33 GMT 2014 : Jakub >> Current tasks: 
Fri Jan 24 23:25:33 GMT 2014 : 	 Task data_4.txt from project TestProject
Fri Jan 24 23:25:33 GMT 2014 : 	 Task data_3.txt from project TestProject
Fri Jan 24 23:25:33 GMT 2014 : 	 Task data_6.txt from project TestProject
Fri Jan 24 23:25:34 GMT 2014 : -----------------------------
Fri Jan 24 23:25:34 GMT 2014 : Jakub >> Current tasks: 
Fri Jan 24 23:25:34 GMT 2014 : 	 Task data_3.txt from project TestProject
Fri Jan 24 23:25:35 GMT 2014 : 	 Task data_6.txt from project TestProject
Fri Jan 24 23:25:39 GMT 2014 : -----------------------------
Fri Jan 24 23:25:39 GMT 2014 : Jakub >> Current tasks: 
Fri Jan 24 23:25:39 GMT 2014 : 	 Task data_6.txt from project TestProject
Fri Jan 24 23:25:40 GMT 2014 : -----------------------------
Fri Jan 24 23:25:40 GMT 2014 : Jakub >> Current tasks: 
