Mon Jan 20 00:41:51 GMT 2014 INFO Replanning for client Palcat

Mon Jan 20 00:41:51 GMT 2014 INFO 	Palcat: 

Mon Jan 20 00:41:51 GMT 2014 INFO 		 Plan empty

Mon Jan 20 00:41:56 GMT 2014 INFO Replanning for client Jirik

Mon Jan 20 00:41:56 GMT 2014 INFO 	Jirik: 

Mon Jan 20 00:41:56 GMT 2014 INFO 		 Plan empty

Mon Jan 20 00:42:02 GMT 2014 INFO Replanning for client Honza

Mon Jan 20 00:42:02 GMT 2014 INFO 	Honza: 

Mon Jan 20 00:42:02 GMT 2014 INFO 		 Plan empty

Mon Jan 20 00:42:09 GMT 2014 INFO Replanning for client Petr

Mon Jan 20 00:42:09 GMT 2014 INFO 	Petr: 

Mon Jan 20 00:42:09 GMT 2014 INFO 		 Plan empty

Mon Jan 20 00:43:01 GMT 2014 INFO Replanning for all clients:

Mon Jan 20 00:43:01 GMT 2014 INFO 	Honza: 

Mon Jan 20 00:43:01 GMT 2014 INFO 		 1x : Weather by Petr

Mon Jan 20 00:43:01 GMT 2014 INFO 	Petr: 

Mon Jan 20 00:43:01 GMT 2014 INFO 		 1x : Weather by Petr

Mon Jan 20 00:43:01 GMT 2014 INFO 	Jirik: 

Mon Jan 20 00:43:01 GMT 2014 INFO 		 1x : Weather by Petr

Mon Jan 20 00:43:01 GMT 2014 INFO 	Palcat: 

Mon Jan 20 00:43:01 GMT 2014 INFO 		 Plan empty

Mon Jan 20 00:43:04 GMT 2014 INFO Replanning for all clients:

Mon Jan 20 00:43:04 GMT 2014 INFO 	Honza: 

Mon Jan 20 00:43:04 GMT 2014 INFO 		 1x : TestProject by Petr

Mon Jan 20 00:43:04 GMT 2014 INFO 	Petr: 

Mon Jan 20 00:43:04 GMT 2014 INFO 		 1x : Weather by Petr

Mon Jan 20 00:43:04 GMT 2014 INFO 	Jirik: 

Mon Jan 20 00:43:04 GMT 2014 INFO 		 2x : TestProject by Petr

Mon Jan 20 00:43:04 GMT 2014 INFO 	Palcat: 

Mon Jan 20 00:43:04 GMT 2014 INFO 		 1x : TestProject by Petr

Mon Jan 20 00:43:59 GMT 2014 INFO Replanning for all clients:

Mon Jan 20 00:43:59 GMT 2014 INFO 	Honza: 

Mon Jan 20 00:43:59 GMT 2014 INFO 		 1x : Weather by Petr

Mon Jan 20 00:43:59 GMT 2014 INFO 	Petr: 

Mon Jan 20 00:43:59 GMT 2014 INFO 		 1x : Weather by Petr

Mon Jan 20 00:43:59 GMT 2014 INFO 	Jirik: 

Mon Jan 20 00:43:59 GMT 2014 INFO 		 1x : Weather by Petr

Mon Jan 20 00:43:59 GMT 2014 INFO 	Palcat: 

Mon Jan 20 00:43:59 GMT 2014 INFO 		 Plan empty

Mon Jan 20 00:45:39 GMT 2014 INFO Replanning for all clients:

Mon Jan 20 00:45:39 GMT 2014 INFO 	Honza: 

Mon Jan 20 00:45:39 GMT 2014 INFO 		 Plan empty

Mon Jan 20 00:45:39 GMT 2014 INFO 	Petr: 

Mon Jan 20 00:45:39 GMT 2014 INFO 		 Plan empty

Mon Jan 20 00:45:39 GMT 2014 INFO 	Jirik: 

Mon Jan 20 00:45:39 GMT 2014 INFO 		 Plan empty

Mon Jan 20 00:45:39 GMT 2014 INFO 	Palcat: 

Mon Jan 20 00:45:39 GMT 2014 INFO 		 Plan empty

Tue Jan 21 00:58:52 GMT 2014 INFO Replanning for client Petr

Tue Jan 21 00:58:52 GMT 2014 INFO 	Petr: 

Tue Jan 21 00:58:52 GMT 2014 INFO 		 Plan empty

Tue Jan 21 00:58:59 GMT 2014 INFO Replanning for client Honza

Tue Jan 21 00:58:59 GMT 2014 INFO 	Honza: 

Tue Jan 21 00:58:59 GMT 2014 INFO 		 Plan empty

Tue Jan 21 00:59:05 GMT 2014 INFO Replanning for client Jirik

Tue Jan 21 00:59:05 GMT 2014 INFO 	Jirik: 

Tue Jan 21 00:59:05 GMT 2014 INFO 		 Plan empty

Tue Jan 21 00:59:11 GMT 2014 INFO Replanning for client Palcat

Tue Jan 21 00:59:11 GMT 2014 INFO 	Palcat: 

Tue Jan 21 00:59:11 GMT 2014 INFO 		 Plan empty

Tue Jan 21 01:02:22 GMT 2014 INFO Replanning for client Petr

Tue Jan 21 01:02:22 GMT 2014 INFO 	Petr: 

Tue Jan 21 01:02:22 GMT 2014 INFO 		 Plan empty

Tue Jan 21 01:02:28 GMT 2014 INFO Replanning for client Honza

Tue Jan 21 01:02:28 GMT 2014 INFO 	Honza: 

Tue Jan 21 01:02:28 GMT 2014 INFO 		 Plan empty

Tue Jan 21 01:02:33 GMT 2014 INFO Replanning for client Jirik

Tue Jan 21 01:02:33 GMT 2014 INFO 	Jirik: 

Tue Jan 21 01:02:33 GMT 2014 INFO 		 Plan empty

Tue Jan 21 01:02:39 GMT 2014 INFO Replanning for client Palcat

Tue Jan 21 01:02:39 GMT 2014 INFO 	Palcat: 

Tue Jan 21 01:02:39 GMT 2014 INFO 		 Plan empty

Tue Jan 21 01:03:15 GMT 2014 INFO Replanning for all clients:

Tue Jan 21 01:03:15 GMT 2014 INFO 	Honza: 

Tue Jan 21 01:03:15 GMT 2014 INFO 		 1x : Weather by Palcat

Tue Jan 21 01:03:15 GMT 2014 INFO 	Petr: 

Tue Jan 21 01:03:15 GMT 2014 INFO 		 1x : Weather by Palcat

Tue Jan 21 01:03:15 GMT 2014 INFO 	Jirik: 

Tue Jan 21 01:03:15 GMT 2014 INFO 		 1x : Weather by Palcat

Tue Jan 21 01:03:15 GMT 2014 INFO 	Palcat: 

Tue Jan 21 01:03:15 GMT 2014 INFO 		 Plan empty

Tue Jan 21 01:03:17 GMT 2014 INFO Replanning for all clients:

Tue Jan 21 01:03:17 GMT 2014 INFO 	Honza: 

Tue Jan 21 01:03:17 GMT 2014 INFO 		 1x : TestProject by Palcat

Tue Jan 21 01:03:17 GMT 2014 INFO 	Petr: 

Tue Jan 21 01:03:17 GMT 2014 INFO 		 1x : Weather by Palcat

Tue Jan 21 01:03:17 GMT 2014 INFO 	Jirik: 

Tue Jan 21 01:03:17 GMT 2014 INFO 		 2x : TestProject by Palcat

Tue Jan 21 01:03:17 GMT 2014 INFO 	Palcat: 

Tue Jan 21 01:03:17 GMT 2014 INFO 		 1x : TestProject by Palcat

Tue Jan 21 01:04:14 GMT 2014 INFO Replanning for all clients:

Tue Jan 21 01:04:14 GMT 2014 INFO 	Honza: 

Tue Jan 21 01:04:14 GMT 2014 INFO 		 1x : Weather by Palcat

Tue Jan 21 01:04:14 GMT 2014 INFO 	Petr: 

Tue Jan 21 01:04:14 GMT 2014 INFO 		 1x : Weather by Palcat

Tue Jan 21 01:04:14 GMT 2014 INFO 	Jirik: 

Tue Jan 21 01:04:14 GMT 2014 INFO 		 1x : Weather by Palcat

Tue Jan 21 01:04:14 GMT 2014 INFO 	Palcat: 

Tue Jan 21 01:04:14 GMT 2014 INFO 		 Plan empty

Tue Jan 21 01:05:32 GMT 2014 INFO Replanning for all clients:

Tue Jan 21 01:05:32 GMT 2014 INFO 	Honza: 

Tue Jan 21 01:05:32 GMT 2014 INFO 		 Plan empty

Tue Jan 21 01:05:32 GMT 2014 INFO 	Petr: 

Tue Jan 21 01:05:32 GMT 2014 INFO 		 Plan empty

Tue Jan 21 01:05:32 GMT 2014 INFO 	Jirik: 

Tue Jan 21 01:05:32 GMT 2014 INFO 		 Plan empty

Tue Jan 21 01:05:32 GMT 2014 INFO 	Palcat: 

Tue Jan 21 01:05:32 GMT 2014 INFO 		 Plan empty

Tue Jan 21 01:07:41 GMT 2014 INFO Replanning for client Petr

Tue Jan 21 01:07:41 GMT 2014 INFO 	Petr: 

Tue Jan 21 01:07:41 GMT 2014 INFO 		 Plan empty

Tue Jan 21 01:07:46 GMT 2014 INFO Replanning for client Honza

Tue Jan 21 01:07:46 GMT 2014 INFO 	Honza: 

Tue Jan 21 01:07:46 GMT 2014 INFO 		 Plan empty

Tue Jan 21 01:07:52 GMT 2014 INFO Replanning for client Jirik

Tue Jan 21 01:07:52 GMT 2014 INFO 	Jirik: 

Tue Jan 21 01:07:52 GMT 2014 INFO 		 Plan empty

Tue Jan 21 01:08:00 GMT 2014 INFO Replanning for client Palcat

Tue Jan 21 01:08:00 GMT 2014 INFO 	Palcat: 

Tue Jan 21 01:08:00 GMT 2014 INFO 		 Plan empty

Tue Jan 21 01:08:43 GMT 2014 INFO Replanning for all clients:

Tue Jan 21 01:08:43 GMT 2014 INFO 	Honza: 

Tue Jan 21 01:08:43 GMT 2014 INFO 		 1x : Weather by Palcat

Tue Jan 21 01:08:43 GMT 2014 INFO 	Petr: 

Tue Jan 21 01:08:43 GMT 2014 INFO 		 1x : Weather by Palcat

Tue Jan 21 01:08:43 GMT 2014 INFO 	Jirik: 

Tue Jan 21 01:08:43 GMT 2014 INFO 		 1x : Weather by Palcat

Tue Jan 21 01:08:43 GMT 2014 INFO 	Palcat: 

Tue Jan 21 01:08:43 GMT 2014 INFO 		 Plan empty

Tue Jan 21 01:08:45 GMT 2014 INFO Replanning for all clients:

Tue Jan 21 01:08:45 GMT 2014 INFO 	Honza: 

Tue Jan 21 01:08:45 GMT 2014 INFO 		 1x : TestProject by Palcat

Tue Jan 21 01:08:45 GMT 2014 INFO 	Petr: 

Tue Jan 21 01:08:45 GMT 2014 INFO 		 1x : Weather by Palcat

Tue Jan 21 01:08:45 GMT 2014 INFO 	Jirik: 

Tue Jan 21 01:08:45 GMT 2014 INFO 		 2x : TestProject by Palcat

Tue Jan 21 01:08:45 GMT 2014 INFO 	Palcat: 

Tue Jan 21 01:08:45 GMT 2014 INFO 		 1x : TestProject by Palcat

Tue Jan 21 01:09:47 GMT 2014 INFO Replanning for all clients:

Tue Jan 21 01:09:47 GMT 2014 INFO 	Honza: 

Tue Jan 21 01:09:47 GMT 2014 INFO 		 1x : Weather by Palcat

Tue Jan 21 01:09:47 GMT 2014 INFO 	Petr: 

Tue Jan 21 01:09:47 GMT 2014 INFO 		 1x : Weather by Palcat

Tue Jan 21 01:09:47 GMT 2014 INFO 	Jirik: 

Tue Jan 21 01:09:47 GMT 2014 INFO 		 1x : Weather by Palcat

Tue Jan 21 01:09:47 GMT 2014 INFO 	Palcat: 

Tue Jan 21 01:09:47 GMT 2014 INFO 		 Plan empty

Tue Jan 21 01:11:08 GMT 2014 INFO Replanning for all clients:

Tue Jan 21 01:11:08 GMT 2014 INFO 	Honza: 

Tue Jan 21 01:11:08 GMT 2014 INFO 		 Plan empty

Tue Jan 21 01:11:08 GMT 2014 INFO 	Petr: 

Tue Jan 21 01:11:08 GMT 2014 INFO 		 Plan empty

Tue Jan 21 01:11:08 GMT 2014 INFO 	Jirik: 

Tue Jan 21 01:11:08 GMT 2014 INFO 		 Plan empty

Tue Jan 21 01:11:08 GMT 2014 INFO 	Palcat: 

Tue Jan 21 01:11:08 GMT 2014 INFO 		 Plan empty

Tue Jan 21 01:13:20 GMT 2014 INFO Replanning for client Petr

Tue Jan 21 01:13:20 GMT 2014 INFO 	Petr: 

Tue Jan 21 01:13:20 GMT 2014 INFO 		 Plan empty

Tue Jan 21 01:13:25 GMT 2014 INFO Replanning for client Honza

Tue Jan 21 01:13:25 GMT 2014 INFO 	Honza: 

Tue Jan 21 01:13:25 GMT 2014 INFO 		 Plan empty

Tue Jan 21 01:13:31 GMT 2014 INFO Replanning for client Jirik

Tue Jan 21 01:13:31 GMT 2014 INFO 	Jirik: 

Tue Jan 21 01:13:31 GMT 2014 INFO 		 Plan empty

Tue Jan 21 01:13:38 GMT 2014 INFO Replanning for client Palcat

Tue Jan 21 01:13:38 GMT 2014 INFO 	Palcat: 

Tue Jan 21 01:13:38 GMT 2014 INFO 		 Plan empty

Tue Jan 21 01:13:59 GMT 2014 INFO Replanning for all clients:

Tue Jan 21 01:13:59 GMT 2014 INFO 	Honza: 

Tue Jan 21 01:13:59 GMT 2014 INFO 		 3x : Weather by Palcat

Tue Jan 21 01:13:59 GMT 2014 INFO 	Petr: 

Tue Jan 21 01:13:59 GMT 2014 INFO 		 4x : Weather by Palcat

Tue Jan 21 01:13:59 GMT 2014 INFO 	Jirik: 

Tue Jan 21 01:13:59 GMT 2014 INFO 		 4x : Weather by Palcat

Tue Jan 21 01:13:59 GMT 2014 INFO 	Palcat: 

Tue Jan 21 01:13:59 GMT 2014 INFO 		 2x : Weather by Palcat

Tue Jan 21 01:14:01 GMT 2014 INFO Replanning for all clients:

Tue Jan 21 01:14:01 GMT 2014 INFO 	Honza: 

Tue Jan 21 01:14:01 GMT 2014 INFO 		 1x : TestProject by Palcat

Tue Jan 21 01:14:01 GMT 2014 INFO 		 1x : Weather by Palcat

Tue Jan 21 01:14:01 GMT 2014 INFO 	Petr: 

Tue Jan 21 01:14:01 GMT 2014 INFO 		 4x : Weather by Palcat

Tue Jan 21 01:14:01 GMT 2014 INFO 	Jirik: 

Tue Jan 21 01:14:01 GMT 2014 INFO 		 2x : TestProject by Palcat

Tue Jan 21 01:14:01 GMT 2014 INFO 	Palcat: 

Tue Jan 21 01:14:01 GMT 2014 INFO 		 1x : TestProject by Palcat

Tue Jan 21 01:19:29 GMT 2014 INFO Replanning for client Petr

Tue Jan 21 01:19:29 GMT 2014 INFO 	Petr: 

Tue Jan 21 01:19:29 GMT 2014 INFO 		 Plan empty

Tue Jan 21 01:19:35 GMT 2014 INFO Replanning for client Honza

Tue Jan 21 01:19:35 GMT 2014 INFO 	Honza: 

Tue Jan 21 01:19:35 GMT 2014 INFO 		 Plan empty

Tue Jan 21 01:19:40 GMT 2014 INFO Replanning for client Jirik

Tue Jan 21 01:19:40 GMT 2014 INFO 	Jirik: 

Tue Jan 21 01:19:40 GMT 2014 INFO 		 Plan empty

Tue Jan 21 01:19:46 GMT 2014 INFO Replanning for client Palcat

Tue Jan 21 01:19:46 GMT 2014 INFO 	Palcat: 

Tue Jan 21 01:19:46 GMT 2014 INFO 		 Plan empty

Tue Jan 21 01:20:11 GMT 2014 INFO Replanning for all clients:

Tue Jan 21 01:20:11 GMT 2014 INFO 	Honza: 

Tue Jan 21 01:20:11 GMT 2014 INFO 		 3x : Weather by Palcat

Tue Jan 21 01:20:11 GMT 2014 INFO 	Petr: 

Tue Jan 21 01:20:11 GMT 2014 INFO 		 4x : Weather by Palcat

Tue Jan 21 01:20:11 GMT 2014 INFO 	Jirik: 

Tue Jan 21 01:20:11 GMT 2014 INFO 		 4x : Weather by Palcat

Tue Jan 21 01:20:11 GMT 2014 INFO 	Palcat: 

Tue Jan 21 01:20:11 GMT 2014 INFO 		 2x : Weather by Palcat

Tue Jan 21 01:20:12 GMT 2014 INFO Replanning for all clients:

Tue Jan 21 01:20:12 GMT 2014 INFO 	Honza: 

Tue Jan 21 01:20:12 GMT 2014 INFO 		 1x : TestProject by Palcat

Tue Jan 21 01:20:12 GMT 2014 INFO 		 1x : Weather by Palcat

Tue Jan 21 01:20:12 GMT 2014 INFO 	Petr: 

Tue Jan 21 01:20:12 GMT 2014 INFO 		 4x : Weather by Palcat

Tue Jan 21 01:20:12 GMT 2014 INFO 	Jirik: 

Tue Jan 21 01:20:12 GMT 2014 INFO 		 2x : TestProject by Palcat

Tue Jan 21 01:20:12 GMT 2014 INFO 	Palcat: 

Tue Jan 21 01:20:12 GMT 2014 INFO 		 1x : TestProject by Palcat

Tue Jan 21 01:20:49 GMT 2014 INFO Replanning for all clients:

Tue Jan 21 01:20:50 GMT 2014 INFO 	Honza: 

Tue Jan 21 01:20:50 GMT 2014 INFO 		 3x : Weather by Palcat

Tue Jan 21 01:20:50 GMT 2014 INFO 	Petr: 

Tue Jan 21 01:20:50 GMT 2014 INFO 		 4x : Weather by Palcat

Tue Jan 21 01:20:50 GMT 2014 INFO 	Jirik: 

Tue Jan 21 01:20:50 GMT 2014 INFO 		 4x : Weather by Palcat

Tue Jan 21 01:20:50 GMT 2014 INFO 	Palcat: 

Tue Jan 21 01:20:50 GMT 2014 INFO 		 2x : Weather by Palcat

Tue Jan 21 01:20:51 GMT 2014 INFO Replanning for all clients:

Tue Jan 21 01:20:51 GMT 2014 INFO 	Honza: 

Tue Jan 21 01:20:52 GMT 2014 INFO 		 Plan empty

Tue Jan 21 01:20:52 GMT 2014 INFO 	Petr: 

Tue Jan 21 01:20:52 GMT 2014 INFO 		 Plan empty

Tue Jan 21 01:20:53 GMT 2014 INFO 	Jirik: 

Tue Jan 21 01:20:53 GMT 2014 INFO 		 Plan empty

Tue Jan 21 01:20:53 GMT 2014 INFO 	Palcat: 

Tue Jan 21 01:20:53 GMT 2014 INFO 		 Plan empty

Tue Jan 21 01:25:57 GMT 2014 INFO Replanning for client Honza

Tue Jan 21 01:25:57 GMT 2014 INFO 	Honza: 

Tue Jan 21 01:25:57 GMT 2014 INFO 		 Plan empty

Tue Jan 21 01:26:03 GMT 2014 INFO Replanning for client Jirik

Tue Jan 21 01:26:03 GMT 2014 INFO 	Jirik: 

Tue Jan 21 01:26:03 GMT 2014 INFO 		 Plan empty

Tue Jan 21 01:26:10 GMT 2014 INFO Replanning for client Palcat

Tue Jan 21 01:26:10 GMT 2014 INFO 	Palcat: 

Tue Jan 21 01:26:10 GMT 2014 INFO 		 Plan empty

Tue Jan 21 01:26:27 GMT 2014 INFO Replanning for all clients:

Tue Jan 21 01:26:27 GMT 2014 INFO 	Honza: 

Tue Jan 21 01:26:27 GMT 2014 INFO 		 3x : Weather by Palcat

Tue Jan 21 01:26:27 GMT 2014 INFO 	Jirik: 

Tue Jan 21 01:26:27 GMT 2014 INFO 		 4x : Weather by Palcat

Tue Jan 21 01:26:27 GMT 2014 INFO 	Palcat: 

Tue Jan 21 01:26:27 GMT 2014 INFO 		 2x : Weather by Palcat

Tue Jan 21 01:26:28 GMT 2014 INFO Replanning for all clients:

Tue Jan 21 01:26:28 GMT 2014 INFO 	Honza: 

Tue Jan 21 01:26:28 GMT 2014 INFO 		 3x : Weather by Palcat

Tue Jan 21 01:26:28 GMT 2014 INFO 	Jirik: 

Tue Jan 21 01:26:28 GMT 2014 INFO 		 4x : Weather by Palcat

Tue Jan 21 01:26:28 GMT 2014 INFO 	Palcat: 

Tue Jan 21 01:26:28 GMT 2014 INFO 		 2x : Weather by Palcat

Tue Jan 21 01:26:55 GMT 2014 INFO Replanning for all clients:

Tue Jan 21 01:26:55 GMT 2014 INFO 	Honza: 

Tue Jan 21 01:26:55 GMT 2014 INFO 		 1x : TestProject by Palcat

Tue Jan 21 01:26:55 GMT 2014 INFO 	Jirik: 

Tue Jan 21 01:26:55 GMT 2014 INFO 		 2x : TestProject by Palcat

Tue Jan 21 01:26:55 GMT 2014 INFO 	Palcat: 

Tue Jan 21 01:26:55 GMT 2014 INFO 		 1x : TestProject by Palcat

Tue Jan 21 01:27:33 GMT 2014 INFO Replanning for all clients:

Tue Jan 21 01:27:33 GMT 2014 INFO 	Honza: 

Tue Jan 21 01:27:33 GMT 2014 INFO 		 Plan empty

Tue Jan 21 01:27:33 GMT 2014 INFO 	Jirik: 

Tue Jan 21 01:27:33 GMT 2014 INFO 		 Plan empty

Tue Jan 21 01:27:33 GMT 2014 INFO 	Palcat: 

Tue Jan 21 01:27:33 GMT 2014 INFO 		 Plan empty

Tue Jan 21 01:28:30 GMT 2014 INFO Replanning for client Petr

Tue Jan 21 01:28:30 GMT 2014 INFO 	Petr: 

Tue Jan 21 01:28:30 GMT 2014 INFO 		 Plan empty

Tue Jan 21 01:28:36 GMT 2014 INFO Replanning for client Honza

Tue Jan 21 01:28:36 GMT 2014 INFO 	Honza: 

Tue Jan 21 01:28:36 GMT 2014 INFO 		 Plan empty

Tue Jan 21 01:28:40 GMT 2014 INFO Replanning for client Jirik

Tue Jan 21 01:28:40 GMT 2014 INFO 	Jirik: 

Tue Jan 21 01:28:40 GMT 2014 INFO 		 Plan empty

Tue Jan 21 01:28:48 GMT 2014 INFO Replanning for client Palcat

Tue Jan 21 01:28:48 GMT 2014 INFO 	Palcat: 

Tue Jan 21 01:28:48 GMT 2014 INFO 		 Plan empty

Tue Jan 21 01:29:10 GMT 2014 INFO Replanning for all clients:

Tue Jan 21 01:29:10 GMT 2014 INFO 	Honza: 

Tue Jan 21 01:29:10 GMT 2014 INFO 		 3x : Weather by Palcat

Tue Jan 21 01:29:10 GMT 2014 INFO 	Petr: 

Tue Jan 21 01:29:10 GMT 2014 INFO 		 4x : Weather by Palcat

Tue Jan 21 01:29:10 GMT 2014 INFO 	Jirik: 

Tue Jan 21 01:29:10 GMT 2014 INFO 		 4x : Weather by Palcat

Tue Jan 21 01:29:10 GMT 2014 INFO 	Palcat: 

Tue Jan 21 01:29:10 GMT 2014 INFO 		 2x : Weather by Palcat

Tue Jan 21 01:29:12 GMT 2014 INFO Replanning for all clients:

Tue Jan 21 01:29:12 GMT 2014 INFO 	Honza: 

Tue Jan 21 01:29:12 GMT 2014 INFO 		 1x : TestProject by Palcat

Tue Jan 21 01:29:12 GMT 2014 INFO 		 1x : Weather by Palcat

Tue Jan 21 01:29:12 GMT 2014 INFO 	Petr: 

Tue Jan 21 01:29:12 GMT 2014 INFO 		 2x : TestProject by Palcat

Tue Jan 21 01:29:12 GMT 2014 INFO 	Jirik: 

Tue Jan 21 01:29:12 GMT 2014 INFO 		 2x : TestProject by Palcat

Tue Jan 21 01:29:12 GMT 2014 INFO 	Palcat: 

Tue Jan 21 01:29:13 GMT 2014 INFO 		 1x : TestProject by Palcat

Tue Jan 21 01:29:48 GMT 2014 INFO Replanning for all clients:

Tue Jan 21 01:29:48 GMT 2014 INFO 	Honza: 

Tue Jan 21 01:29:48 GMT 2014 INFO 		 3x : Weather by Palcat

Tue Jan 21 01:29:48 GMT 2014 INFO 	Petr: 

Tue Jan 21 01:29:48 GMT 2014 INFO 		 4x : Weather by Palcat

Tue Jan 21 01:29:48 GMT 2014 INFO 	Jirik: 

Tue Jan 21 01:29:48 GMT 2014 INFO 		 4x : Weather by Palcat

Tue Jan 21 01:29:48 GMT 2014 INFO 	Palcat: 

Tue Jan 21 01:29:48 GMT 2014 INFO 		 2x : Weather by Palcat

Tue Jan 21 01:29:56 GMT 2014 INFO Replanning for all clients:

Tue Jan 21 01:29:56 GMT 2014 INFO 	Honza: 

Tue Jan 21 01:29:56 GMT 2014 INFO 		 Plan empty

Tue Jan 21 01:29:56 GMT 2014 INFO 	Petr: 

Tue Jan 21 01:29:56 GMT 2014 INFO 		 Plan empty

Tue Jan 21 01:29:56 GMT 2014 INFO 	Jirik: 

Tue Jan 21 01:29:56 GMT 2014 INFO 		 Plan empty

Tue Jan 21 01:29:56 GMT 2014 INFO 	Palcat: 

Tue Jan 21 01:29:56 GMT 2014 INFO 		 Plan empty

