23:41:30	: INFORMATIVE	: Loading properties file
23:41:31	: INFORMATIVE	: Server is listening for incoming sessions
23:41:43	: INFORMATIVE	: Client Aku has been connected to the server
23:43:23	: INFORMATIVE	: Client Aku has been disconnected form the server
23:44:51	: INFORMATIVE	: Loading properties file
23:44:54	: INFORMATIVE	: Server is listening for incoming sessions
23:45:02	: INFORMATIVE	: Client Aku has been connected to the server
23:45:04	: INFORMATIVE	: Client Aku has been disconnected form the server
23:45:38	: INFORMATIVE	: Loading properties file
23:45:40	: INFORMATIVE	: Server is listening for incoming sessions
23:45:47	: INFORMATIVE	: Client Aku has been connected to the server
23:45:49	: INFORMATIVE	: Client Aku has been disconnected form the server
23:58:01	: INFORMATIVE	: Loading properties file
23:58:03	: INFORMATIVE	: Server is listening for incoming sessions
23:58:06	: INFORMATIVE	: Client Aku has been connected to the server
00:02:00	: INFORMATIVE	: Loading properties file
00:02:05	: INFORMATIVE	: Server is listening for incoming sessions
00:02:08	: INFORMATIVE	: Client Aku has been connected to the server
00:03:55	: INFORMATIVE	: Loading properties file
00:03:57	: INFORMATIVE	: Server is listening for incoming sessions
00:04:00	: INFORMATIVE	: Client Aku has been connected to the server
00:04:58	: INFORMATIVE	: Loading properties file
00:05:06	: INFORMATIVE	: Server is listening for incoming sessions
00:05:09	: INFORMATIVE	: Client Aku has been connected to the server
00:08:09	: INFORMATIVE	: Client Aku has been disconnected form the server
00:08:21	: INFORMATIVE	: Loading properties file
00:08:22	: INFORMATIVE	: Server is listening for incoming sessions
00:08:26	: INFORMATIVE	: Client Aku has been connected to the server
00:10:06	: INFORMATIVE	: Client Aku has been disconnected form the server
00:11:10	: INFORMATIVE	: Loading properties file
00:11:17	: INFORMATIVE	: Server is listening for incoming sessions
00:11:20	: INFORMATIVE	: Client Aku has been connected to the server
00:12:23	: INFORMATIVE	: Loading properties file
00:12:32	: INFORMATIVE	: Server is listening for incoming sessions
00:12:36	: INFORMATIVE	: Client Aku has been connected to the server
00:13:26	: INFORMATIVE	: Client Aku has been disconnected form the server
00:13:55	: INFORMATIVE	: Loading properties file
00:14:03	: INFORMATIVE	: Server is listening for incoming sessions
00:14:06	: INFORMATIVE	: Client Aku has been connected to the server
00:14:08	: INFORMATIVE	: Client Aku has been disconnected form the server
00:19:04	: INFORMATIVE	: Loading properties file
00:19:07	: INFORMATIVE	: Server is listening for incoming sessions
00:19:11	: INFORMATIVE	: Client Aku has been connected to the server
00:19:13	: INFORMATIVE	: Client Aku has been disconnected form the server
00:21:16	: INFORMATIVE	: Loading properties file
00:21:19	: INFORMATIVE	: Server is listening for incoming sessions
00:21:23	: INFORMATIVE	: Client Aku has been connected to the server
00:21:25	: INFORMATIVE	: Client Aku has been disconnected form the server
00:22:26	: INFORMATIVE	: Loading properties file
00:22:35	: INFORMATIVE	: Server is listening for incoming sessions
00:22:51	: INFORMATIVE	: Client Aku has been connected to the server
00:22:53	: INFORMATIVE	: Client Aku has been disconnected form the server
00:24:04	: INFORMATIVE	: Loading properties file
00:24:10	: INFORMATIVE	: Server is listening for incoming sessions
00:24:14	: INFORMATIVE	: Client Aku has been connected to the server
11:50:00	: INFORMATIVE	: Loading properties file
11:53:25	: INFORMATIVE	: Server is listening for incoming sessions
11:53:29	: INFORMATIVE	: Client Aku has been connected to the server
12:06:16	: INFORMATIVE	: Client Aku has been disconnected form the server
12:10:09	: INFORMATIVE	: Loading properties file
12:10:12	: INFORMATIVE	: Server is listening for incoming sessions
12:10:15	: INFORMATIVE	: Client Aku has been connected to the server
12:44:20	: INFORMATIVE	: Loading properties file
12:44:23	: INFORMATIVE	: Server is listening for incoming sessions
12:44:31	: INFORMATIVE	: Client Aku has been connected to the server
12:46:09	: INFORMATIVE	: Client Aku has been disconnected form the server
12:46:23	: INFORMATIVE	: Loading properties file
12:46:24	: INFORMATIVE	: Server is listening for incoming sessions
12:46:27	: INFORMATIVE	: Client Aku has been connected to the server
12:48:40	: INFORMATIVE	: Loading properties file
12:48:42	: INFORMATIVE	: Server is listening for incoming sessions
12:48:45	: INFORMATIVE	: Client Aku has been connected to the server
12:49:23	: INFORMATIVE	: Loading properties file
12:49:24	: INFORMATIVE	: Server is listening for incoming sessions
12:49:27	: INFORMATIVE	: Client Aku has been connected to the server
12:50:46	: INFORMATIVE	: Loading properties file
12:50:50	: INFORMATIVE	: Server is listening for incoming sessions
12:50:54	: INFORMATIVE	: Client Aku has been connected to the server
13:10:55	: INFORMATIVE	: Loading properties file
13:10:56	: INFORMATIVE	: Server is listening for incoming sessions
13:10:59	: INFORMATIVE	: Client Aku has been connected to the server
13:11:56	: INFORMATIVE	: Client Aku has been disconnected form the server
13:12:14	: INFORMATIVE	: Loading properties file
13:12:16	: INFORMATIVE	: Server is listening for incoming sessions
13:12:20	: INFORMATIVE	: Client Aku has been connected to the server
13:13:44	: INFORMATIVE	: Client Aku has been disconnected form the server
13:13:55	: INFORMATIVE	: Loading properties file
13:13:56	: INFORMATIVE	: Server is listening for incoming sessions
13:13:59	: INFORMATIVE	: Client Aku has been connected to the server
13:14:55	: INFORMATIVE	: Loading properties file
13:14:56	: INFORMATIVE	: Server is listening for incoming sessions
13:14:59	: INFORMATIVE	: Client Aku has been connected to the server
13:15:32	: INFORMATIVE	: Client Aku has been disconnected form the server
13:15:49	: INFORMATIVE	: Loading properties file
13:15:52	: INFORMATIVE	: Server is listening for incoming sessions
13:15:55	: INFORMATIVE	: Client Aku has been connected to the server
13:18:43	: INFORMATIVE	: Client Aku has been disconnected form the server
14:06:22	: INFORMATIVE	: Loading properties file
14:06:24	: INFORMATIVE	: Server is listening for incoming sessions
14:06:29	: INFORMATIVE	: Client Aku has been connected to the server
14:06:29	: INFORMATIVE	: Extracting TestProject by Aku from zip archive
14:06:29	: INFORMATIVE	: Extraction of TestProject by Aku was sucesfull
14:14:11	: INFORMATIVE	: Client Aku has been disconnected form the server
15:02:51	: INFORMATIVE	: Loading properties file
15:03:08	: INFORMATIVE	: Server is listening for incoming sessions
15:03:15	: INFORMATIVE	: Client Aku has been connected to the server
15:07:02	: INFORMATIVE	: Loading properties file
15:07:06	: INFORMATIVE	: Server is listening for incoming sessions
15:07:09	: INFORMATIVE	: Client Aku has been connected to the server
15:07:26	: INFORMATIVE	: Extracting TestProject by null from zip archive
15:07:27	: INFORMATIVE	: Extraction of TestProject by null was sucesfull
16:14:28	: INFORMATIVE	: Loading properties file
16:14:38	: INFORMATIVE	: Server is listening for incoming sessions
16:18:01	: INFORMATIVE	: Loading properties file
16:18:03	: INFORMATIVE	: Server is listening for incoming sessions
16:18:06	: INFORMATIVE	: Client Aku has been connected to the server
16:18:52	: INFORMATIVE	: Extracting TestProject by null from zip archive
16:18:52	: INFORMATIVE	: Extraction of TestProject by null was sucesfull
16:27:22	: INFORMATIVE	: Loading properties file
16:27:24	: INFORMATIVE	: Server is listening for incoming sessions
16:27:31	: INFORMATIVE	: Client Aku has been connected to the server
16:27:58	: INFORMATIVE	: Extracting TestProject by null from zip archive
16:27:58	: INFORMATIVE	: Extraction of TestProject by null was sucesfull
16:30:39	: INFORMATIVE	: Client Aku has been disconnected form the server
16:35:50	: INFORMATIVE	: Loading properties file
16:35:52	: INFORMATIVE	: Server is listening for incoming sessions
16:36:19	: INFORMATIVE	: Client Aku has been connected to the server
16:36:28	: INFORMATIVE	: Extracting TestProject by null from zip archive
16:36:29	: INFORMATIVE	: Extraction of TestProject by null was sucesfull
16:40:46	: INFORMATIVE	: Loading properties file
16:40:49	: INFORMATIVE	: Server is listening for incoming sessions
16:40:54	: INFORMATIVE	: Client Aku has been connected to the server
16:41:09	: INFORMATIVE	: Extracting TestProject by null from zip archive
16:41:09	: INFORMATIVE	: Extraction of TestProject by null was sucesfull
16:48:27	: INFORMATIVE	: Loading properties file
16:48:29	: INFORMATIVE	: Server is listening for incoming sessions
16:48:32	: INFORMATIVE	: Client Aku has been connected to the server
16:49:16	: INFORMATIVE	: Extracting TestProject by null from zip archive
16:49:17	: INFORMATIVE	: Extraction of TestProject by null was sucesfull
16:51:15	: INFORMATIVE	: Loading properties file
16:51:19	: INFORMATIVE	: Server is listening for incoming sessions
16:51:23	: INFORMATIVE	: Client Aku has been connected to the server
16:51:42	: INFORMATIVE	: Extracting TestProject by null from zip archive
16:51:42	: INFORMATIVE	: Extraction of TestProject by null was sucesfull
16:56:43	: INFORMATIVE	: Loading properties file
16:56:44	: INFORMATIVE	: Server is listening for incoming sessions
16:56:48	: INFORMATIVE	: Client Aku has been connected to the server
16:57:20	: INFORMATIVE	: Extracting TestProject by null from zip archive
16:57:20	: INFORMATIVE	: Extraction of TestProject by null was sucesfull
16:58:05	: INFORMATIVE	: Client Aku has been disconnected form the server
17:19:47	: INFORMATIVE	: Loading properties file
17:19:55	: INFORMATIVE	: Server is listening for incoming sessions
17:19:58	: INFORMATIVE	: Client Aku has been connected to the server
17:20:24	: INFORMATIVE	: Extracting TestProject by null from zip archive
17:20:24	: INFORMATIVE	: Extraction of TestProject by null was sucesfull
17:20:30	: INFORMATIVE	: Client Aku has been disconnected form the server
17:24:26	: INFORMATIVE	: Loading properties file
17:24:28	: INFORMATIVE	: Server is listening for incoming sessions
17:24:33	: INFORMATIVE	: Client Aku has been connected to the server
17:24:44	: INFORMATIVE	: Extracting TestProject by null from zip archive
17:24:45	: INFORMATIVE	: Extraction of TestProject by null was sucesfull
17:28:19	: INFORMATIVE	: Loading properties file
17:28:21	: INFORMATIVE	: Server is listening for incoming sessions
17:28:24	: INFORMATIVE	: Client Aku has been connected to the server
17:28:34	: INFORMATIVE	: Extracting TestProject by null from zip archive
17:28:35	: INFORMATIVE	: Extraction of TestProject by null was sucesfull
17:28:35	: DEBUG	: Task created: null_TestProject_data_2.txt, D:\BC\server_base\Projects\null\TestProject\ready\data_2.txt
17:28:36	: DEBUG	: Task created: null_TestProject_data_3.txt, D:\BC\server_base\Projects\null\TestProject\ready\data_3.txt
17:28:37	: DEBUG	: Task created: null_TestProject_data_4.txt, D:\BC\server_base\Projects\null\TestProject\ready\data_4.txt
17:28:37	: DEBUG	: Task created: null_TestProject_data_7.txt, D:\BC\server_base\Projects\null\TestProject\ready\data_7.txt
18:41:55	: INFORMATIVE	: Client Aku has been disconnected form the server
18:42:04	: INFORMATIVE	: Loading properties file
18:42:17	: INFORMATIVE	: Server is listening for incoming sessions
18:42:20	: INFORMATIVE	: Client Aku has been connected to the server
18:42:31	: INFORMATIVE	: Extracting TestProject by null from zip archive
18:42:31	: INFORMATIVE	: Extraction of TestProject by null was sucesfull
18:42:32	: DEBUG	: Task created: null_TestProject_data_2.txt, D:\BC\server_base\Projects\null\TestProject\ready\data_2.txt
18:42:32	: DEBUG	: Task created: null_TestProject_data_3.txt, D:\BC\server_base\Projects\null\TestProject\ready\data_3.txt
18:42:33	: DEBUG	: Task created: null_TestProject_data_4.txt, D:\BC\server_base\Projects\null\TestProject\ready\data_4.txt
18:42:34	: DEBUG	: Task created: null_TestProject_data_7.txt, D:\BC\server_base\Projects\null\TestProject\ready\data_7.txt
18:42:47	: INFORMATIVE	: Client Aku has been disconnected form the server
18:43:00	: INFORMATIVE	: Loading properties file
18:43:02	: ERROR	: Starting server: Address already in use: JVM_Bind
18:43:02	: INFORMATIVE	: Server is listening for incoming sessions
18:43:18	: INFORMATIVE	: Loading properties file
18:43:19	: INFORMATIVE	: Server is listening for incoming sessions
18:43:23	: INFORMATIVE	: Client Aku has been connected to the server
18:43:33	: INFORMATIVE	: Extracting TestProject by null from zip archive
18:43:33	: INFORMATIVE	: Extraction of TestProject by null was sucesfull
18:43:34	: DEBUG	: Task created: null_TestProject_data_2.txt, D:\BC\server_base\Projects\null\TestProject\ready\data_2.txt
18:43:35	: DEBUG	: Task created: null_TestProject_data_3.txt, D:\BC\server_base\Projects\null\TestProject\ready\data_3.txt
18:43:36	: DEBUG	: Task created: null_TestProject_data_4.txt, D:\BC\server_base\Projects\null\TestProject\ready\data_4.txt
18:43:36	: DEBUG	: Task created: null_TestProject_data_7.txt, D:\BC\server_base\Projects\null\TestProject\ready\data_7.txt
18:45:17	: INFORMATIVE	: Loading properties file
18:45:26	: INFORMATIVE	: Server is listening for incoming sessions
18:45:29	: INFORMATIVE	: Client Aku has been connected to the server
18:45:39	: INFORMATIVE	: Extracting TestProject by null from zip archive
18:45:39	: INFORMATIVE	: Extraction of TestProject by null was sucesfull
18:45:40	: DEBUG	: Task created: null_TestProject_data_2.txt, D:\BC\server_base\Projects\null\TestProject\ready\data_2.txt
18:45:41	: DEBUG	: Task created: null_TestProject_data_3.txt, D:\BC\server_base\Projects\null\TestProject\ready\data_3.txt
18:45:41	: DEBUG	: Task created: null_TestProject_data_4.txt, D:\BC\server_base\Projects\null\TestProject\ready\data_4.txt
18:45:42	: DEBUG	: Task created: null_TestProject_data_7.txt, D:\BC\server_base\Projects\null\TestProject\ready\data_7.txt
18:48:56	: INFORMATIVE	: Loading properties file
18:48:58	: INFORMATIVE	: Server is listening for incoming sessions
18:49:02	: INFORMATIVE	: Client Aku has been connected to the server
18:49:10	: INFORMATIVE	: Extracting TestProject by null from zip archive
18:49:10	: INFORMATIVE	: Extraction of TestProject by null was sucesfull
18:49:11	: DEBUG	: Task created: null_TestProject_data_2.txt, D:\BC\server_base\Projects\null\TestProject\ready\data_2.txt
18:49:12	: DEBUG	: Task created: null_TestProject_data_3.txt, D:\BC\server_base\Projects\null\TestProject\ready\data_3.txt
18:49:12	: DEBUG	: Task created: null_TestProject_data_4.txt, D:\BC\server_base\Projects\null\TestProject\ready\data_4.txt
18:49:13	: DEBUG	: Task created: null_TestProject_data_7.txt, D:\BC\server_base\Projects\null\TestProject\ready\data_7.txt
18:50:06	: INFORMATIVE	: Client Aku has been disconnected form the server
18:55:59	: INFORMATIVE	: Loading properties file
18:56:17	: INFORMATIVE	: Server is listening for incoming sessions
18:56:20	: INFORMATIVE	: Client Aku has been connected to the server
18:57:29	: INFORMATIVE	: Loading properties file
18:57:40	: INFORMATIVE	: Server is listening for incoming sessions
18:57:43	: INFORMATIVE	: Client Aku has been connected to the server
18:57:51	: INFORMATIVE	: Extracting TestProject by null from zip archive
18:57:51	: INFORMATIVE	: Extraction of TestProject by null was sucesfull
18:57:52	: DEBUG	: Task created: null_TestProject_data_2.txt, D:\BC\server_base\Projects\null\TestProject\ready\data_2.txt
18:57:53	: DEBUG	: Task created: null_TestProject_data_3.txt, D:\BC\server_base\Projects\null\TestProject\ready\data_3.txt
18:57:53	: DEBUG	: Task created: null_TestProject_data_4.txt, D:\BC\server_base\Projects\null\TestProject\ready\data_4.txt
18:57:54	: DEBUG	: Task created: null_TestProject_data_7.txt, D:\BC\server_base\Projects\null\TestProject\ready\data_7.txt
18:58:06	: INFORMATIVE	: Client Aku has been disconnected form the server
19:01:22	: INFORMATIVE	: Loading properties file
19:01:27	: INFORMATIVE	: Server is listening for incoming sessions
19:01:30	: INFORMATIVE	: Client Aku has been connected to the server
19:01:37	: INFORMATIVE	: Extracting TestProject by null from zip archive
19:01:38	: INFORMATIVE	: Extraction of TestProject by null was sucesfull
19:01:38	: DEBUG	: Task created: null_TestProject_data_2.txt, D:\BC\server_base\Projects\null\TestProject\ready\data_2.txt
19:01:39	: DEBUG	: Task created: null_TestProject_data_3.txt, D:\BC\server_base\Projects\null\TestProject\ready\data_3.txt
19:01:40	: DEBUG	: Task created: null_TestProject_data_4.txt, D:\BC\server_base\Projects\null\TestProject\ready\data_4.txt
19:01:41	: DEBUG	: Task created: null_TestProject_data_7.txt, D:\BC\server_base\Projects\null\TestProject\ready\data_7.txt
19:01:49	: INFORMATIVE	: Client Aku has been disconnected form the server
19:03:26	: INFORMATIVE	: Loading properties file
19:03:27	: ERROR	: Starting server: Address already in use: JVM_Bind
19:03:27	: INFORMATIVE	: Server is listening for incoming sessions
19:03:30	: INFORMATIVE	: Client Aku has been connected to the server
19:03:44	: INFORMATIVE	: Extracting TestProject by null from zip archive
19:03:44	: INFORMATIVE	: Extraction of TestProject by null was sucesfull
19:03:44	: DEBUG	: Task created: null_TestProject_data_2.txt, D:\BC\server_base\Projects\null\TestProject\ready\data_2.txt
19:03:45	: DEBUG	: Task created: null_TestProject_data_3.txt, D:\BC\server_base\Projects\null\TestProject\ready\data_3.txt
19:03:46	: DEBUG	: Task created: null_TestProject_data_4.txt, D:\BC\server_base\Projects\null\TestProject\ready\data_4.txt
19:03:46	: DEBUG	: Task created: null_TestProject_data_7.txt, D:\BC\server_base\Projects\null\TestProject\ready\data_7.txt
19:07:28	: INFORMATIVE	: Client Aku has been disconnected form the server
19:10:58	: INFORMATIVE	: Loading properties file
19:22:57	: INFORMATIVE	: Loading properties file
Sat Nov 09 20:27:32 GMT 2013 INFO Loading properties file

Sat Nov 09 20:27:51 GMT 2013 INFO Client Aku has been connected to the server

Sat Nov 09 20:27:53 GMT 2013 INFO Client Aku has been disconnected form the server

Sat Nov 09 20:30:47 GMT 2013 INFO Loading properties file

Sat Nov 09 20:30:57 GMT 2013 INFO Server is listening for incoming sessions

Sat Nov 09 20:31:07 GMT 2013 INFO Client Aku has been connected to the server

Sat Nov 09 20:31:21 GMT 2013 INFO Extracting TestProject by null from zip archive

Sat Nov 09 20:31:21 GMT 2013 INFO Extraction of TestProject by null was sucesfull

Sat Nov 09 20:31:22 GMT 2013 INFO Task created: null_TestProject_data_2.txt, D:\BC\server_base\Projects\null\TestProject\ready\data_2.txt

Sat Nov 09 20:31:23 GMT 2013 INFO Task created: null_TestProject_data_3.txt, D:\BC\server_base\Projects\null\TestProject\ready\data_3.txt

Sat Nov 09 20:31:23 GMT 2013 INFO Task created: null_TestProject_data_4.txt, D:\BC\server_base\Projects\null\TestProject\ready\data_4.txt

Sat Nov 09 20:31:24 GMT 2013 INFO Task created: null_TestProject_data_7.txt, D:\BC\server_base\Projects\null\TestProject\ready\data_7.txt

Sat Nov 09 20:31:51 GMT 2013 INFO Timer for client Aku started

Sat Nov 09 20:31:51 GMT 2013 INFO Client Aku is active

Sat Nov 09 20:32:02 GMT 2013 INFO Client Aku is active

Sat Nov 09 20:32:14 GMT 2013 INFO Client Aku has been disconnected form the server

Sat Nov 09 20:44:14 GMT 2013 INFO Loading properties file

Sat Nov 09 20:44:22 GMT 2013 INFO Server is listening for incoming sessions

Sat Nov 09 20:44:27 GMT 2013 INFO Client Aku has been connected to the server

Sat Nov 09 20:45:28 GMT 2013 INFO Extracting TestProject by Aku from zip archive

Sat Nov 09 20:45:28 GMT 2013 INFO Extraction of TestProject by Aku was sucesfull

Sat Nov 09 20:45:29 GMT 2013 INFO Task created: Aku_TestProject_data_2.txt, D:\BC\server_base\Projects\Aku\TestProject\ready\data_2.txt

Sat Nov 09 20:45:30 GMT 2013 INFO Task created: Aku_TestProject_data_3.txt, D:\BC\server_base\Projects\Aku\TestProject\ready\data_3.txt

Sat Nov 09 20:45:30 GMT 2013 INFO Task created: Aku_TestProject_data_4.txt, D:\BC\server_base\Projects\Aku\TestProject\ready\data_4.txt

Sat Nov 09 20:45:31 GMT 2013 INFO Task created: Aku_TestProject_data_7.txt, D:\BC\server_base\Projects\Aku\TestProject\ready\data_7.txt

Sat Nov 09 20:47:16 GMT 2013 INFO Timer for client Aku started

Sat Nov 09 20:47:16 GMT 2013 INFO Client Aku is active

Sat Nov 09 20:47:17 GMT 2013 INFO Task: Aku_TestProject_data_2.txt is sent for computation by client: Aku

Sat Nov 09 20:47:18 GMT 2013 INFO Task: Aku_TestProject_data_4.txt is sent for computation by client: Aku

Sat Nov 09 20:47:19 GMT 2013 INFO Task saving: Task Aku_TestProject_data_2.txt has been saved

Sat Nov 09 20:47:19 GMT 2013 INFO Task saving: Task Aku_TestProject_data_4.txt has been saved

Sat Nov 09 20:47:20 GMT 2013 INFO Task: Aku_TestProject_data_3.txt is sent for computation by client: Aku

Sat Nov 09 20:47:21 GMT 2013 INFO Task: Aku_TestProject_data_7.txt is sent for computation by client: Aku

Sat Nov 09 20:47:21 GMT 2013 INFO Task saving: Task Aku_TestProject_data_3.txt has been saved

Sat Nov 09 20:47:21 GMT 2013 INFO Project TestProject by client Aku packed

Sat Nov 09 20:47:21 GMT 2013 INFO Task saving: Task Aku_TestProject_data_7.txt has been saved

Sat Nov 09 20:47:27 GMT 2013 WARNING Client  Aku has not sent ping message, disconnected

Sat Nov 09 20:47:30 GMT 2013 INFO Extracting TestProject by Aku from zip archive

Sat Nov 09 20:47:30 GMT 2013 INFO Extracting TestProject by Aku from zip archive

Sat Nov 09 20:47:30 GMT 2013 INFO Extraction of TestProject by Aku was sucesfull

Sat Nov 09 20:47:30 GMT 2013 INFO Extraction of TestProject by Aku was sucesfull

Sat Nov 09 20:47:30 GMT 2013 INFO Task created: Aku_TestProject_data_2.txt, D:\BC\server_base\Projects\Aku\TestProject\ready\data_2.txt

Sat Nov 09 20:47:31 GMT 2013 INFO Task created: Aku_TestProject_data_3.txt, D:\BC\server_base\Projects\Aku\TestProject\ready\data_3.txt

Sat Nov 09 20:47:32 GMT 2013 INFO Task created: Aku_TestProject_data_4.txt, D:\BC\server_base\Projects\Aku\TestProject\ready\data_4.txt

Sat Nov 09 20:47:32 GMT 2013 INFO Task created: Aku_TestProject_data_7.txt, D:\BC\server_base\Projects\Aku\TestProject\ready\data_7.txt

Sun Nov 10 15:13:22 GMT 2013 INFO Loading properties file

Sun Nov 10 15:13:28 GMT 2013 INFO Server is listening for incoming sessions

Sun Nov 10 15:13:34 GMT 2013 INFO Client Aku has been connected to the server

Sun Nov 10 15:18:43 GMT 2013 INFO Client Aku has been disconnected form the server

Sun Nov 10 15:19:03 GMT 2013 INFO Loading properties file

Sun Nov 10 15:19:05 GMT 2013 INFO Server is listening for incoming sessions

Sun Nov 10 15:19:08 GMT 2013 INFO Client Aku has been connected to the server

Sun Nov 10 15:25:40 GMT 2013 INFO Loading properties file

Sun Nov 10 15:25:54 GMT 2013 INFO Server is listening for incoming sessions

Sun Nov 10 15:26:02 GMT 2013 INFO Client Aku has been connected to the server

Sun Nov 10 15:28:21 GMT 2013 INFO Client Aku has been disconnected form the server

Sun Nov 10 15:28:38 GMT 2013 INFO Loading properties file

Sun Nov 10 15:28:44 GMT 2013 INFO Loading properties file

Sun Nov 10 15:28:46 GMT 2013 INFO Server is listening for incoming sessions

Sun Nov 10 15:28:49 GMT 2013 INFO Client Aku has been connected to the server

Sun Nov 10 15:29:09 GMT 2013 INFO Client Aku has been disconnected form the server

Sun Nov 10 15:29:45 GMT 2013 INFO Loading properties file

Sun Nov 10 15:29:52 GMT 2013 INFO Server is listening for incoming sessions

Sun Nov 10 15:29:57 GMT 2013 INFO Client Aku has been connected to the server

Sun Nov 10 15:31:04 GMT 2013 INFO Client Aku has been disconnected form the server

Sun Nov 10 17:30:20 GMT 2013 INFO Loading properties file

Sun Nov 10 17:31:10 GMT 2013 INFO Server is listening for incoming sessions

Sun Nov 10 17:31:14 GMT 2013 INFO Client Aku has been connected to the server

Sun Nov 10 17:32:31 GMT 2013 INFO Client Aku has been disconnected form the server

Sun Nov 10 17:32:42 GMT 2013 INFO Loading properties file

Sun Nov 10 17:32:44 GMT 2013 INFO Server is listening for incoming sessions

Sun Nov 10 17:32:54 GMT 2013 INFO Client Aku has been connected to the server

Sun Nov 10 17:33:41 GMT 2013 INFO Client Aku has been disconnected form the server

Sun Nov 10 17:33:48 GMT 2013 INFO Loading properties file

Sun Nov 10 17:34:04 GMT 2013 INFO Loading properties file

Sun Nov 10 17:34:05 GMT 2013 INFO Server is listening for incoming sessions

Sun Nov 10 17:34:08 GMT 2013 INFO Client Aku has been connected to the server

Sun Nov 10 17:38:45 GMT 2013 INFO Client Aku has been disconnected form the server

Sun Nov 10 17:42:04 GMT 2013 INFO Loading properties file

Sun Nov 10 17:42:12 GMT 2013 INFO Server is listening for incoming sessions

Sun Nov 10 17:42:16 GMT 2013 INFO Client Aku has been connected to the server

Sun Nov 10 17:42:53 GMT 2013 INFO Client Aku has been disconnected form the server

Sun Nov 10 17:47:33 GMT 2013 INFO Loading properties file

Sun Nov 10 17:47:34 GMT 2013 INFO Server is listening for incoming sessions

Sun Nov 10 17:47:38 GMT 2013 INFO Client Aku has been connected to the server

Sun Nov 10 17:47:46 GMT 2013 WARNING Archive with extension jar is not supported

Sun Nov 10 17:49:31 GMT 2013 INFO Loading properties file

Sun Nov 10 17:49:41 GMT 2013 INFO Server is listening for incoming sessions

Sun Nov 10 17:49:44 GMT 2013 INFO Client Aku has been connected to the server

Sun Nov 10 17:50:51 GMT 2013 INFO Client Aku has been disconnected form the server

Sun Nov 10 17:51:20 GMT 2013 INFO Loading properties file

Sun Nov 10 17:51:34 GMT 2013 INFO Server is listening for incoming sessions

Sun Nov 10 17:51:38 GMT 2013 INFO Client Aku has been connected to the server

Sun Nov 10 17:51:47 GMT 2013 WARNING Archive with extension jar is not supported

Sun Nov 10 17:54:52 GMT 2013 INFO Client Aku has been disconnected form the server

Sun Nov 10 17:55:14 GMT 2013 INFO Loading properties file

Sun Nov 10 17:55:16 GMT 2013 INFO Server is listening for incoming sessions

Sun Nov 10 17:55:22 GMT 2013 INFO Client Aku has been connected to the server

Sun Nov 10 17:58:24 GMT 2013 INFO Client Aku has been disconnected form the server

Sun Nov 10 17:58:44 GMT 2013 INFO Loading properties file

Sun Nov 10 17:58:47 GMT 2013 INFO Server is listening for incoming sessions

Sun Nov 10 17:58:50 GMT 2013 INFO Client Aku has been connected to the server

Sun Nov 10 17:59:45 GMT 2013 INFO Client Aku has been disconnected form the server

Sun Nov 10 18:00:30 GMT 2013 INFO Loading properties file

Sun Nov 10 18:00:51 GMT 2013 INFO Loading properties file

Sun Nov 10 18:01:08 GMT 2013 INFO Server is listening for incoming sessions

Sun Nov 10 18:01:12 GMT 2013 INFO Client Aku has been connected to the server

Sun Nov 10 18:03:12 GMT 2013 INFO Client Aku has been disconnected form the server

Sun Nov 10 18:05:07 GMT 2013 INFO Loading properties file

Sun Nov 10 18:05:09 GMT 2013 INFO Server is listening for incoming sessions

Sun Nov 10 18:05:12 GMT 2013 INFO Client Aku has been connected to the server

Sun Nov 10 18:07:34 GMT 2013 INFO Client Aku has been disconnected form the server

Sun Nov 10 18:10:50 GMT 2013 INFO Loading properties file

Sun Nov 10 18:10:58 GMT 2013 INFO Server is listening for incoming sessions

Sun Nov 10 18:11:02 GMT 2013 INFO Client Aku has been connected to the server

Sun Nov 10 18:12:33 GMT 2013 INFO Extracting TestProject by Aku from zip archive

Sun Nov 10 18:12:33 GMT 2013 WARNING Problem with opening project archive

Sun Nov 10 18:22:13 GMT 2013 INFO Loading properties file

Sun Nov 10 18:22:59 GMT 2013 INFO Server is listening for incoming sessions

Sun Nov 10 18:23:12 GMT 2013 INFO Client Aku has been connected to the server

Sun Nov 10 18:23:24 GMT 2013 WARNING Problem during saving uploaded file: Stream closed

Sun Nov 10 18:23:24 GMT 2013 INFO Extracting TestProject by Aku from zip archive

Sun Nov 10 18:23:24 GMT 2013 WARNING Problem with opening project archive

Sun Nov 10 18:24:21 GMT 2013 INFO Client Aku has been disconnected form the server

Sun Nov 10 18:26:35 GMT 2013 INFO Loading properties file

Sun Nov 10 18:26:43 GMT 2013 INFO Server is listening for incoming sessions

Sun Nov 10 18:26:46 GMT 2013 INFO Client Aku has been connected to the server

Sun Nov 10 18:27:04 GMT 2013 WARNING Problem during saving uploaded file: java.io.IOException: Stream closed

Sun Nov 10 18:27:04 GMT 2013 INFO Extracting TestProject by Aku from zip archive

Sun Nov 10 18:27:04 GMT 2013 WARNING Problem with opening project archive

Sun Nov 10 18:30:11 GMT 2013 INFO Loading properties file

Sun Nov 10 18:30:12 GMT 2013 INFO Server is listening for incoming sessions

Sun Nov 10 18:30:15 GMT 2013 INFO Client Aku has been connected to the server

Sun Nov 10 18:30:24 GMT 2013 INFO Extracting TestProject by Aku from zip archive

Sun Nov 10 18:30:24 GMT 2013 WARNING Problem with opening project archive

Sun Nov 10 18:32:47 GMT 2013 INFO Client Aku has been disconnected form the server

Sun Nov 10 19:17:06 GMT 2013 INFO Loading properties file

Sun Nov 10 19:17:07 GMT 2013 INFO Server is listening for incoming sessions

Sun Nov 10 19:17:10 GMT 2013 INFO Client Aku has been connected to the server

Sun Nov 10 19:17:18 GMT 2013 INFO Extracting TestProject by Aku from zip archive

Sun Nov 10 19:17:18 GMT 2013 INFO Extraction of TestProject by Aku was sucesfull

Sun Nov 10 19:17:18 GMT 2013 WARNING ClassNotFoundException during task creation : java.lang.ClassNotFoundException: Class [cz.cuni.mff.bc.comp.null] could not be found

Sun Nov 10 19:17:52 GMT 2013 INFO Client Aku has been disconnected form the server

Mon Nov 11 00:34:23 GMT 2013 INFO Loading properties file

Mon Nov 11 00:34:25 GMT 2013 INFO Server is listening for incoming sessions

Mon Nov 11 00:34:29 GMT 2013 INFO Client Aku has been connected to the server

Mon Nov 11 00:34:45 GMT 2013 INFO Extracting TestProject by Aku from zip archive

Mon Nov 11 00:34:45 GMT 2013 INFO Extraction of TestProject by Aku was sucesfull

Mon Nov 11 00:35:41 GMT 2013 INFO Loading properties file

Mon Nov 11 00:36:48 GMT 2013 INFO Server is listening for incoming sessions

Mon Nov 11 00:36:51 GMT 2013 INFO Client Aku has been connected to the server

Mon Nov 11 00:36:59 GMT 2013 INFO Extracting TestProject by Aku from zip archive

Mon Nov 11 00:36:59 GMT 2013 INFO Extraction of TestProject by Aku was sucesfull

Mon Nov 11 00:37:00 GMT 2013 INFO Task created: Aku_TestProject_data_2.txt, D:\BC\server_base\Projects\Aku\TestProject\ready\data_2.txt

Mon Nov 11 00:37:01 GMT 2013 INFO Task created: Aku_TestProject_data_3.txt, D:\BC\server_base\Projects\Aku\TestProject\ready\data_3.txt

Mon Nov 11 00:37:02 GMT 2013 INFO Task created: Aku_TestProject_data_4.txt, D:\BC\server_base\Projects\Aku\TestProject\ready\data_4.txt

Mon Nov 11 00:37:02 GMT 2013 INFO Task created: Aku_TestProject_data_7.txt, D:\BC\server_base\Projects\Aku\TestProject\ready\data_7.txt

Mon Nov 11 00:38:57 GMT 2013 INFO Loading properties file

Mon Nov 11 00:39:02 GMT 2013 INFO Server is listening for incoming sessions

Mon Nov 11 00:39:06 GMT 2013 INFO Client Aku has been connected to the server

Mon Nov 11 00:39:13 GMT 2013 INFO Extracting TestProject by Aku from zip archive

Mon Nov 11 00:39:13 GMT 2013 INFO Extraction of TestProject by Aku was sucesfull

Mon Nov 11 00:39:14 GMT 2013 INFO Task created: Aku_TestProject_data_2.txt, D:\BC\server_base\Projects\Aku\TestProject\ready\data_2.txt

Mon Nov 11 00:39:15 GMT 2013 INFO Task created: Aku_TestProject_data_3.txt, D:\BC\server_base\Projects\Aku\TestProject\ready\data_3.txt

Mon Nov 11 00:39:15 GMT 2013 INFO Task created: Aku_TestProject_data_4.txt, D:\BC\server_base\Projects\Aku\TestProject\ready\data_4.txt

Mon Nov 11 00:39:16 GMT 2013 INFO Task created: Aku_TestProject_data_7.txt, D:\BC\server_base\Projects\Aku\TestProject\ready\data_7.txt

Mon Nov 11 02:37:54 GMT 2013 INFO Loading properties file

Mon Nov 11 02:37:56 GMT 2013 INFO Server is listening for incoming sessions

Mon Nov 11 02:37:59 GMT 2013 INFO Client Aku has been connected to the server

Mon Nov 11 02:38:10 GMT 2013 INFO Extracting TestProject by Aku from zip archive

Mon Nov 11 02:38:10 GMT 2013 INFO Extraction of TestProject by Aku was sucesfull

Mon Nov 11 02:39:53 GMT 2013 INFO Loading properties file

Mon Nov 11 02:39:55 GMT 2013 INFO Server is listening for incoming sessions

Mon Nov 11 02:39:58 GMT 2013 INFO Client Aku has been connected to the server

Mon Nov 11 02:40:08 GMT 2013 INFO Extracting TestProject by Aku from zip archive

Mon Nov 11 02:40:08 GMT 2013 INFO Extraction of TestProject by Aku was sucesfull

Mon Nov 11 02:45:25 GMT 2013 INFO Loading properties file

Mon Nov 11 02:45:27 GMT 2013 INFO Server is listening for incoming sessions

Mon Nov 11 02:45:30 GMT 2013 INFO Client Aku has been connected to the server

Mon Nov 11 02:45:40 GMT 2013 INFO Extracting TestProject by Aku from zip archive

Mon Nov 11 02:45:40 GMT 2013 INFO Extraction of TestProject by Aku was sucesfull

Mon Nov 11 02:54:15 GMT 2013 INFO Loading properties file

Mon Nov 11 02:54:22 GMT 2013 INFO Server is listening for incoming sessions

Mon Nov 11 02:54:25 GMT 2013 INFO Client Aku has been connected to the server

Mon Nov 11 02:54:33 GMT 2013 INFO Extracting TestProject by Aku from zip archive

Mon Nov 11 02:54:33 GMT 2013 INFO Extraction of TestProject by Aku was sucesfull

Mon Nov 11 02:56:50 GMT 2013 INFO Loading properties file

Mon Nov 11 02:56:53 GMT 2013 INFO Server is listening for incoming sessions

Mon Nov 11 02:56:58 GMT 2013 INFO Client Aku has been connected to the server

Mon Nov 11 02:57:07 GMT 2013 INFO Extracting TestProject by Aku from zip archive

Mon Nov 11 02:57:07 GMT 2013 INFO Extraction of TestProject by Aku was sucesfull

Mon Nov 11 02:57:51 GMT 2013 INFO Loading properties file

Mon Nov 11 02:57:58 GMT 2013 INFO Server is listening for incoming sessions

Mon Nov 11 02:58:02 GMT 2013 INFO Client Aku has been connected to the server

Mon Nov 11 02:58:11 GMT 2013 INFO Extracting TestProject by Aku from zip archive

Mon Nov 11 02:58:11 GMT 2013 INFO Extraction of TestProject by Aku was sucesfull

Mon Nov 11 03:01:07 GMT 2013 INFO Client Aku has been disconnected form the server

Mon Nov 11 03:01:36 GMT 2013 INFO Loading properties file

Mon Nov 11 03:01:44 GMT 2013 INFO Server is listening for incoming sessions

Mon Nov 11 03:01:47 GMT 2013 INFO Client Aku has been connected to the server

Mon Nov 11 03:01:59 GMT 2013 INFO Extracting TestProject by Aku from zip archive

Mon Nov 11 03:01:59 GMT 2013 INFO Extraction of TestProject by Aku was sucesfull

Mon Nov 11 03:20:37 GMT 2013 INFO Client Aku has been disconnected form the server

Mon Nov 11 03:21:05 GMT 2013 INFO Loading properties file

Mon Nov 11 03:21:10 GMT 2013 INFO Server is listening for incoming sessions

Mon Nov 11 03:21:29 GMT 2013 INFO Client Aku has been connected to the server

Mon Nov 11 03:21:41 GMT 2013 INFO Extracting TestProject by Aku from zip archive

Mon Nov 11 03:21:41 GMT 2013 INFO Extraction of TestProject by Aku was sucesfull

Mon Nov 11 03:25:42 GMT 2013 INFO Client Aku has been disconnected form the server

Mon Nov 11 03:27:17 GMT 2013 INFO Loading properties file

Mon Nov 11 03:27:24 GMT 2013 INFO Server is listening for incoming sessions

Mon Nov 11 03:27:28 GMT 2013 INFO Client Aku has been connected to the server

Mon Nov 11 03:27:41 GMT 2013 INFO Extracting TestProject by Aku from zip archive

Mon Nov 11 03:27:41 GMT 2013 INFO Extraction of TestProject by Aku was sucesfull

Mon Nov 11 03:28:03 GMT 2013 INFO Client Aku has been disconnected form the server

Mon Nov 11 03:28:28 GMT 2013 INFO Loading properties file

Mon Nov 11 03:28:32 GMT 2013 INFO Server is listening for incoming sessions

Mon Nov 11 03:28:36 GMT 2013 INFO Client Aku has been connected to the server

Mon Nov 11 03:28:48 GMT 2013 INFO Extracting TestProject by Aku from zip archive

Mon Nov 11 03:28:48 GMT 2013 INFO Extraction of TestProject by Aku was sucesfull

Mon Nov 11 03:28:49 GMT 2013 INFO Task created: Aku_TestProject_data_2.txt, D:\BC\server_base\Projects\Aku\TestProject\ready\data_2.txt

Mon Nov 11 03:28:50 GMT 2013 INFO Task created: Aku_TestProject_data_3.txt, D:\BC\server_base\Projects\Aku\TestProject\ready\data_3.txt

Mon Nov 11 03:28:50 GMT 2013 INFO Task created: Aku_TestProject_data_4.txt, D:\BC\server_base\Projects\Aku\TestProject\ready\data_4.txt

Mon Nov 11 03:28:51 GMT 2013 INFO Task created: Aku_TestProject_data_7.txt, D:\BC\server_base\Projects\Aku\TestProject\ready\data_7.txt

Mon Nov 11 03:28:55 GMT 2013 INFO Client Aku has been disconnected form the server

Mon Nov 11 03:42:04 GMT 2013 INFO Loading properties file

Mon Nov 11 03:42:10 GMT 2013 INFO Server is listening for incoming sessions

Mon Nov 11 03:42:13 GMT 2013 INFO Client Aku has been connected to the server

Mon Nov 11 03:42:25 GMT 2013 INFO Extracting TestProject by Aku from zip archive

Mon Nov 11 03:42:25 GMT 2013 INFO Extraction of TestProject by Aku was sucesfull

Mon Nov 11 03:42:59 GMT 2013 INFO Loading properties file

Mon Nov 11 03:43:06 GMT 2013 INFO Server is listening for incoming sessions

Mon Nov 11 03:43:09 GMT 2013 INFO Client Aku has been connected to the server

Mon Nov 11 03:43:19 GMT 2013 INFO Extracting TestProject by Aku from zip archive

Mon Nov 11 03:43:19 GMT 2013 INFO Extraction of TestProject by Aku was sucesfull

Mon Nov 11 03:43:20 GMT 2013 INFO Task created: Aku_TestProject_data_2.txt, D:\BC\server_base\Projects\Aku\TestProject\ready\data_2.txt

Mon Nov 11 03:43:20 GMT 2013 INFO Task created: Aku_TestProject_data_3.txt, D:\BC\server_base\Projects\Aku\TestProject\ready\data_3.txt

Mon Nov 11 03:43:21 GMT 2013 INFO Task created: Aku_TestProject_data_4.txt, D:\BC\server_base\Projects\Aku\TestProject\ready\data_4.txt

Mon Nov 11 03:43:21 GMT 2013 INFO Task created: Aku_TestProject_data_7.txt, D:\BC\server_base\Projects\Aku\TestProject\ready\data_7.txt

Mon Nov 11 03:43:26 GMT 2013 INFO Client Aku has been disconnected form the server

Mon Nov 11 03:44:30 GMT 2013 INFO Loading properties file

Mon Nov 11 03:44:36 GMT 2013 INFO Loading properties file

Mon Nov 11 03:44:37 GMT 2013 INFO Server is listening for incoming sessions

Mon Nov 11 03:44:42 GMT 2013 INFO Client Aku has been connected to the server

Mon Nov 11 03:44:56 GMT 2013 INFO Extracting TestProject by Aku from zip archive

Mon Nov 11 03:44:56 GMT 2013 INFO Extraction of TestProject by Aku was sucesfull

Mon Nov 11 03:44:57 GMT 2013 INFO Task created: Aku_TestProject_data_2.txt, D:\BC\server_base\Projects\Aku\TestProject\ready\data_2.txt

Mon Nov 11 03:44:57 GMT 2013 INFO Task created: Aku_TestProject_data_3.txt, D:\BC\server_base\Projects\Aku\TestProject\ready\data_3.txt

Mon Nov 11 03:44:58 GMT 2013 INFO Task created: Aku_TestProject_data_4.txt, D:\BC\server_base\Projects\Aku\TestProject\ready\data_4.txt

Mon Nov 11 03:44:58 GMT 2013 INFO Task created: Aku_TestProject_data_7.txt, D:\BC\server_base\Projects\Aku\TestProject\ready\data_7.txt

Mon Nov 11 03:45:05 GMT 2013 INFO Timer for client Aku started

Mon Nov 11 03:45:05 GMT 2013 INFO Client Aku is active

Mon Nov 11 03:45:06 GMT 2013 INFO Task: Aku_TestProject_data_2.txt is sent for computation by client: Aku

Mon Nov 11 03:45:07 GMT 2013 INFO Task: Aku_TestProject_data_4.txt is sent for computation by client: Aku

Mon Nov 11 03:45:07 GMT 2013 INFO Task: Aku_TestProject_data_3.txt is sent for computation by client: Aku

Mon Nov 11 03:45:08 GMT 2013 INFO Task: Aku_TestProject_data_7.txt is sent for computation by client: Aku

Mon Nov 11 03:45:16 GMT 2013 INFO Client Aku is active

Mon Nov 11 03:45:27 GMT 2013 WARNING Client  Aku has not sent ping message, disconnected

Mon Nov 11 03:45:27 GMT 2013 INFO Task Aku_TestProject_data_2.txt calculated by Aku is again in tasks pool

Mon Nov 11 03:45:27 GMT 2013 INFO Task Aku_TestProject_data_4.txt calculated by Aku is again in tasks pool

Mon Nov 11 03:45:27 GMT 2013 INFO Task Aku_TestProject_data_3.txt calculated by Aku is again in tasks pool

Mon Nov 11 03:45:27 GMT 2013 INFO Task Aku_TestProject_data_7.txt calculated by Aku is again in tasks pool

Mon Nov 11 03:45:29 GMT 2013 INFO Task: Aku_TestProject_data_2.txt is sent for computation by client: Aku

Mon Nov 11 03:45:29 GMT 2013 INFO Task: Aku_TestProject_data_7.txt is sent for computation by client: Aku

Mon Nov 11 03:45:30 GMT 2013 INFO Task: Aku_TestProject_data_3.txt is sent for computation by client: Aku

Mon Nov 11 03:45:31 GMT 2013 INFO Task: Aku_TestProject_data_4.txt is sent for computation by client: Aku

Mon Nov 11 03:45:57 GMT 2013 INFO Client Aku has been disconnected form the server

Mon Nov 11 14:43:55 GMT 2013 INFO Loading properties file

Mon Nov 11 14:43:59 GMT 2013 INFO Server is listening for incoming sessions

Mon Nov 11 14:44:02 GMT 2013 INFO Client Aku has been connected to the server

Mon Nov 11 14:44:14 GMT 2013 INFO Extracting TestProject by Aku from zip archive

Mon Nov 11 14:44:14 GMT 2013 INFO Extraction of TestProject by Aku was sucesfull

Mon Nov 11 14:44:15 GMT 2013 INFO Task created: Aku_TestProject_data_2.txt, D:\BC\server_base\Projects\Aku\TestProject\ready\data_2.txt

Mon Nov 11 14:44:16 GMT 2013 INFO Task created: Aku_TestProject_data_3.txt, D:\BC\server_base\Projects\Aku\TestProject\ready\data_3.txt

Mon Nov 11 14:44:17 GMT 2013 INFO Task created: Aku_TestProject_data_4.txt, D:\BC\server_base\Projects\Aku\TestProject\ready\data_4.txt

Mon Nov 11 14:44:17 GMT 2013 INFO Task created: Aku_TestProject_data_7.txt, D:\BC\server_base\Projects\Aku\TestProject\ready\data_7.txt

Mon Nov 11 14:45:40 GMT 2013 INFO Client Aku has been disconnected form the server

Mon Nov 11 14:47:21 GMT 2013 INFO Loading properties file

Mon Nov 11 14:47:27 GMT 2013 INFO Server is listening for incoming sessions

Mon Nov 11 14:47:30 GMT 2013 INFO Client Aku has been connected to the server

Mon Nov 11 14:47:37 GMT 2013 INFO Extracting TestProject by Aku from zip archive

Mon Nov 11 14:47:38 GMT 2013 INFO Extraction of TestProject by Aku was sucesfull

Mon Nov 11 14:47:38 GMT 2013 INFO Task created: Aku_TestProject_data_2.txt, D:\BC\server_base\Projects\Aku\TestProject\ready\data_2.txt

Mon Nov 11 14:47:39 GMT 2013 INFO Task created: Aku_TestProject_data_3.txt, D:\BC\server_base\Projects\Aku\TestProject\ready\data_3.txt

Mon Nov 11 14:47:40 GMT 2013 INFO Task created: Aku_TestProject_data_4.txt, D:\BC\server_base\Projects\Aku\TestProject\ready\data_4.txt

Mon Nov 11 14:47:41 GMT 2013 INFO Task created: Aku_TestProject_data_7.txt, D:\BC\server_base\Projects\Aku\TestProject\ready\data_7.txt

Mon Nov 11 14:47:48 GMT 2013 INFO Timer for client Aku started

Mon Nov 11 14:47:48 GMT 2013 INFO Client Aku is active

Mon Nov 11 14:47:49 GMT 2013 INFO Task: Aku_TestProject_data_2.txt is sent for computation by client: Aku

Mon Nov 11 14:47:50 GMT 2013 INFO Task: Aku_TestProject_data_4.txt is sent for computation by client: Aku

Mon Nov 11 14:47:51 GMT 2013 INFO Task saving: Task Aku_TestProject_data_2.txt has been saved

Mon Nov 11 14:47:51 GMT 2013 INFO Task saving: Task Aku_TestProject_data_4.txt has been saved

Mon Nov 11 14:47:51 GMT 2013 INFO Task: Aku_TestProject_data_3.txt is sent for computation by client: Aku

Mon Nov 11 14:47:52 GMT 2013 INFO Task: Aku_TestProject_data_7.txt is sent for computation by client: Aku

Mon Nov 11 14:47:53 GMT 2013 INFO Task saving: Task Aku_TestProject_data_3.txt has been saved

Mon Nov 11 14:47:53 GMT 2013 WARNING Packing project problem D:\BC\server_base\Projects\TestProject\Aku\Aku_TestProject_completed.zip (The system cannot find the path specified)

Mon Nov 11 14:47:53 GMT 2013 INFO Task saving: Task Aku_TestProject_data_7.txt has been saved

Mon Nov 11 14:47:59 GMT 2013 WARNING Client  Aku has not sent ping message, disconnected

Mon Nov 11 15:03:14 GMT 2013 INFO Loading properties file

Mon Nov 11 15:03:22 GMT 2013 INFO Server is listening for incoming sessions

Mon Nov 11 15:03:27 GMT 2013 INFO Client Aku has been connected to the server

Mon Nov 11 15:03:34 GMT 2013 INFO Extracting TestProject by Aku from zip archive

Mon Nov 11 15:03:34 GMT 2013 INFO Extraction of TestProject by Aku was sucesfull

Mon Nov 11 15:03:35 GMT 2013 INFO Task created: Aku_TestProject_data_2.txt, D:\BC\server_base\Projects\Aku\TestProject\ready\data_2.txt

Mon Nov 11 15:03:36 GMT 2013 INFO Task created: Aku_TestProject_data_3.txt, D:\BC\server_base\Projects\Aku\TestProject\ready\data_3.txt

Mon Nov 11 15:03:36 GMT 2013 INFO Task created: Aku_TestProject_data_4.txt, D:\BC\server_base\Projects\Aku\TestProject\ready\data_4.txt

Mon Nov 11 15:03:37 GMT 2013 INFO Task created: Aku_TestProject_data_7.txt, D:\BC\server_base\Projects\Aku\TestProject\ready\data_7.txt

Mon Nov 11 15:03:42 GMT 2013 INFO Timer for client Aku started

Mon Nov 11 15:03:42 GMT 2013 INFO Client Aku is active

Mon Nov 11 15:03:43 GMT 2013 INFO Task: Aku_TestProject_data_2.txt is sent for computation by client: Aku

Mon Nov 11 15:03:45 GMT 2013 INFO Task: Aku_TestProject_data_4.txt is sent for computation by client: Aku

Mon Nov 11 15:03:45 GMT 2013 INFO Task saving: Task Aku_TestProject_data_2.txt has been saved

Mon Nov 11 15:03:46 GMT 2013 INFO Task saving: Task Aku_TestProject_data_4.txt has been saved

Mon Nov 11 15:03:46 GMT 2013 INFO Task: Aku_TestProject_data_3.txt is sent for computation by client: Aku

Mon Nov 11 15:03:47 GMT 2013 INFO Task: Aku_TestProject_data_7.txt is sent for computation by client: Aku

Mon Nov 11 15:03:48 GMT 2013 INFO Task saving: Task Aku_TestProject_data_3.txt has been saved

Mon Nov 11 15:03:48 GMT 2013 WARNING Packing project problem D:\BC\server_base\Projects\TestProject\Aku\T_completed.zip (The system cannot find the path specified)

Mon Nov 11 15:03:48 GMT 2013 INFO Task saving: Task Aku_TestProject_data_7.txt has been saved

Mon Nov 11 15:03:53 GMT 2013 WARNING Client  Aku has not sent ping message, disconnected

Mon Nov 11 15:05:31 GMT 2013 INFO Loading properties file

Mon Nov 11 15:05:34 GMT 2013 INFO Server is listening for incoming sessions

Mon Nov 11 15:05:39 GMT 2013 INFO Client Aku has been connected to the server

Mon Nov 11 15:05:45 GMT 2013 INFO Extracting TestProject by Aku from zip archive

Mon Nov 11 15:05:45 GMT 2013 INFO Extraction of TestProject by Aku was sucesfull

Mon Nov 11 15:05:46 GMT 2013 INFO Task created: Aku_TestProject_data_2.txt, D:\BC\server_base\Projects\Aku\TestProject\ready\data_2.txt

Mon Nov 11 15:05:47 GMT 2013 INFO Task created: Aku_TestProject_data_3.txt, D:\BC\server_base\Projects\Aku\TestProject\ready\data_3.txt

Mon Nov 11 15:05:48 GMT 2013 INFO Task created: Aku_TestProject_data_4.txt, D:\BC\server_base\Projects\Aku\TestProject\ready\data_4.txt

Mon Nov 11 15:05:48 GMT 2013 INFO Task created: Aku_TestProject_data_7.txt, D:\BC\server_base\Projects\Aku\TestProject\ready\data_7.txt

Mon Nov 11 15:05:55 GMT 2013 INFO Timer for client Aku started

Mon Nov 11 15:05:55 GMT 2013 INFO Client Aku is active

Mon Nov 11 15:05:56 GMT 2013 INFO Task: Aku_TestProject_data_2.txt is sent for computation by client: Aku

Mon Nov 11 15:05:58 GMT 2013 INFO Task: Aku_TestProject_data_4.txt is sent for computation by client: Aku

Mon Nov 11 15:05:58 GMT 2013 INFO Task saving: Task Aku_TestProject_data_2.txt has been saved

Mon Nov 11 15:05:58 GMT 2013 INFO Task saving: Task Aku_TestProject_data_4.txt has been saved

Mon Nov 11 15:05:59 GMT 2013 INFO Task: Aku_TestProject_data_3.txt is sent for computation by client: Aku

Mon Nov 11 15:06:00 GMT 2013 INFO Task: Aku_TestProject_data_7.txt is sent for computation by client: Aku

Mon Nov 11 15:06:00 GMT 2013 INFO Task saving: Task Aku_TestProject_data_3.txt has been saved

Mon Nov 11 15:06:00 GMT 2013 WARNING Error inside task, client has to fix it!

Mon Nov 11 15:06:00 GMT 2013 INFO Task saving: Task Aku_TestProject_data_7.txt has been saved

Mon Nov 11 15:06:06 GMT 2013 INFO Client Aku is active

Mon Nov 11 15:06:17 GMT 2013 WARNING Client  Aku has not sent ping message, disconnected

Mon Nov 11 15:06:23 GMT 2013 INFO Client Aku has been disconnected form the server

Mon Nov 11 15:07:14 GMT 2013 INFO Loading properties file

Mon Nov 11 15:07:16 GMT 2013 INFO Server is listening for incoming sessions

Mon Nov 11 15:07:19 GMT 2013 INFO Client Aku has been connected to the server

Mon Nov 11 15:07:26 GMT 2013 INFO Extracting TestProject by Aku from zip archive

Mon Nov 11 15:07:26 GMT 2013 INFO Extraction of TestProject by Aku was sucesfull

Mon Nov 11 15:07:27 GMT 2013 INFO Task created: Aku_TestProject_data_2.txt, D:\BC\server_base\Projects\Aku\TestProject\ready\data_2.txt

Mon Nov 11 15:07:28 GMT 2013 INFO Task created: Aku_TestProject_data_3.txt, D:\BC\server_base\Projects\Aku\TestProject\ready\data_3.txt

Mon Nov 11 15:07:29 GMT 2013 INFO Task created: Aku_TestProject_data_4.txt, D:\BC\server_base\Projects\Aku\TestProject\ready\data_4.txt

Mon Nov 11 15:07:34 GMT 2013 INFO Timer for client Aku started

Mon Nov 11 15:07:34 GMT 2013 INFO Client Aku is active

Mon Nov 11 15:07:35 GMT 2013 INFO Task: Aku_TestProject_data_2.txt is sent for computation by client: Aku

Mon Nov 11 15:07:36 GMT 2013 INFO Task: Aku_TestProject_data_4.txt is sent for computation by client: Aku

Mon Nov 11 15:07:37 GMT 2013 INFO Task saving: Task Aku_TestProject_data_2.txt has been saved

Mon Nov 11 15:07:37 GMT 2013 INFO Task saving: Task Aku_TestProject_data_4.txt has been saved

Mon Nov 11 15:07:38 GMT 2013 INFO Task: Aku_TestProject_data_3.txt is sent for computation by client: Aku

Mon Nov 11 15:07:38 GMT 2013 WARNING Error inside task, client has to fix it!

Mon Nov 11 15:07:38 GMT 2013 INFO Task saving: Task Aku_TestProject_data_3.txt has been saved

Mon Nov 11 15:07:45 GMT 2013 INFO Client Aku is active

Mon Nov 11 15:07:56 GMT 2013 WARNING Client  Aku has not sent ping message, disconnected

Mon Nov 11 15:11:07 GMT 2013 INFO Loading properties file

Mon Nov 11 15:11:09 GMT 2013 INFO Server is listening for incoming sessions

Mon Nov 11 15:11:15 GMT 2013 INFO Client Aku has been connected to the server

Mon Nov 11 15:11:21 GMT 2013 INFO Extracting TestProject by Aku from zip archive

Mon Nov 11 15:11:22 GMT 2013 INFO Extraction of TestProject by Aku was sucesfull

Mon Nov 11 15:11:22 GMT 2013 INFO Task created: Aku_TestProject_data_2.txt, D:\BC\server_base\Projects\Aku\TestProject\ready\data_2.txt

Mon Nov 11 15:11:23 GMT 2013 INFO Task created: Aku_TestProject_data_3.txt, D:\BC\server_base\Projects\Aku\TestProject\ready\data_3.txt

Mon Nov 11 15:11:24 GMT 2013 INFO Task created: Aku_TestProject_data_4.txt, D:\BC\server_base\Projects\Aku\TestProject\ready\data_4.txt

Mon Nov 11 15:11:29 GMT 2013 INFO Timer for client Aku started

Mon Nov 11 15:11:29 GMT 2013 INFO Client Aku is active

Mon Nov 11 15:11:31 GMT 2013 INFO Task: Aku_TestProject_data_2.txt is sent for computation by client: Aku

Mon Nov 11 15:11:32 GMT 2013 INFO Task: Aku_TestProject_data_4.txt is sent for computation by client: Aku

Mon Nov 11 15:11:33 GMT 2013 INFO Task saving: Task Aku_TestProject_data_2.txt has been saved

Mon Nov 11 15:11:33 GMT 2013 INFO Task saving: Task Aku_TestProject_data_4.txt has been saved

Mon Nov 11 15:11:34 GMT 2013 INFO Task: Aku_TestProject_data_3.txt is sent for computation by client: Aku

Mon Nov 11 15:11:34 GMT 2013 WARNING Error durong project packing: java.lang.NullPointerException

Mon Nov 11 15:11:34 GMT 2013 INFO Task saving: Task Aku_TestProject_data_3.txt has been saved

Mon Nov 11 15:11:40 GMT 2013 WARNING Client  Aku has not sent ping message, disconnected

Mon Nov 11 15:13:54 GMT 2013 INFO Loading properties file

Mon Nov 11 15:13:56 GMT 2013 INFO Server is listening for incoming sessions

Mon Nov 11 15:14:03 GMT 2013 INFO Client Aku has been connected to the server

Mon Nov 11 15:14:11 GMT 2013 INFO Extracting TestProject by Aku from zip archive

Mon Nov 11 15:14:11 GMT 2013 INFO Extraction of TestProject by Aku was sucesfull

Mon Nov 11 15:14:12 GMT 2013 INFO Task created: Aku_TestProject_data_2.txt, D:\BC\server_base\Projects\Aku\TestProject\ready\data_2.txt

Mon Nov 11 15:14:13 GMT 2013 INFO Task created: Aku_TestProject_data_3.txt, D:\BC\server_base\Projects\Aku\TestProject\ready\data_3.txt

Mon Nov 11 15:14:13 GMT 2013 INFO Task created: Aku_TestProject_data_4.txt, D:\BC\server_base\Projects\Aku\TestProject\ready\data_4.txt

Mon Nov 11 15:14:16 GMT 2013 INFO Timer for client Aku started

Mon Nov 11 15:14:16 GMT 2013 INFO Client Aku is active

Mon Nov 11 15:14:17 GMT 2013 INFO Task: Aku_TestProject_data_2.txt is sent for computation by client: Aku

Mon Nov 11 15:14:19 GMT 2013 INFO Task: Aku_TestProject_data_4.txt is sent for computation by client: Aku

Mon Nov 11 15:14:19 GMT 2013 INFO Task saving: Task Aku_TestProject_data_2.txt has been saved

Mon Nov 11 15:14:19 GMT 2013 INFO Task saving: Task Aku_TestProject_data_4.txt has been saved

Mon Nov 11 15:14:20 GMT 2013 INFO Task: Aku_TestProject_data_3.txt is sent for computation by client: Aku

Mon Nov 11 15:14:27 GMT 2013 INFO Client Aku is active

Mon Nov 11 15:14:38 GMT 2013 WARNING Client  Aku has not sent ping message, disconnected

Mon Nov 11 15:14:40 GMT 2013 INFO Client Aku has been disconnected form the server

Mon Nov 11 15:15:01 GMT 2013 INFO Loading properties file

Mon Nov 11 15:15:07 GMT 2013 INFO Server is listening for incoming sessions

Mon Nov 11 15:15:10 GMT 2013 INFO Client Aku has been connected to the server

Mon Nov 11 15:15:19 GMT 2013 INFO Extracting TestProject by Aku from zip archive

Mon Nov 11 15:15:19 GMT 2013 INFO Extraction of TestProject by Aku was sucesfull

Mon Nov 11 15:15:20 GMT 2013 INFO Task created: Aku_TestProject_data_2.txt, D:\BC\server_base\Projects\Aku\TestProject\ready\data_2.txt

Mon Nov 11 15:15:21 GMT 2013 INFO Task created: Aku_TestProject_data_3.txt, D:\BC\server_base\Projects\Aku\TestProject\ready\data_3.txt

Mon Nov 11 15:15:21 GMT 2013 INFO Task created: Aku_TestProject_data_4.txt, D:\BC\server_base\Projects\Aku\TestProject\ready\data_4.txt

Mon Nov 11 15:15:25 GMT 2013 INFO Timer for client Aku started

Mon Nov 11 15:15:25 GMT 2013 INFO Client Aku is active

Mon Nov 11 15:15:26 GMT 2013 INFO Task: Aku_TestProject_data_2.txt is sent for computation by client: Aku

Mon Nov 11 15:15:27 GMT 2013 INFO Task: Aku_TestProject_data_4.txt is sent for computation by client: Aku

Mon Nov 11 15:15:28 GMT 2013 INFO Task saving: Task Aku_TestProject_data_2.txt has been saved

Mon Nov 11 15:15:28 GMT 2013 INFO Task saving: Task Aku_TestProject_data_4.txt has been saved

Mon Nov 11 15:15:29 GMT 2013 INFO Task: Aku_TestProject_data_3.txt is sent for computation by client: Aku

Mon Nov 11 15:15:29 GMT 2013 INFO Project TestProject by client Aku packed

Mon Nov 11 15:15:29 GMT 2013 INFO Task saving: Task Aku_TestProject_data_3.txt has been saved

Mon Nov 11 15:15:36 GMT 2013 WARNING Client  Aku has not sent ping message, disconnected

Mon Nov 11 15:15:53 GMT 2013 INFO Client Aku has been connected to the server

Mon Nov 11 15:17:03 GMT 2013 WARNING Loading project for download: D:\BC\server_base\Projects\TestProject\Aku\Aku_TestProject_completed.zip (The system cannot find the path specified)

Mon Nov 11 15:17:31 GMT 2013 INFO Client Aku has been disconnected form the server

Mon Nov 11 15:17:32 GMT 2013 INFO Client Aku has been disconnected form the server

