Tue Jan 21 12:23:12 GMT 2014 INFO Jirik >> Current task: 

Tue Jan 21 12:23:12 GMT 2014 INFO Jirik >> Current task: 

Tue Jan 21 12:23:12 GMT 2014 INFO 	 Task data_9.txt from project Weather

Tue Jan 21 12:23:13 GMT 2014 INFO Jirik >> Current task: 

Tue Jan 21 12:23:13 GMT 2014 INFO 	 Task data_9.txt from project Weather

Tue Jan 21 12:23:13 GMT 2014 INFO 	 Task data_7.txt from project Weather

Tue Jan 21 12:23:14 GMT 2014 INFO Jirik >> Current task: 

Tue Jan 21 12:23:14 GMT 2014 INFO 	 Task data_9.txt from project Weather

Tue Jan 21 12:23:14 GMT 2014 INFO 	 Task data_7.txt from project Weather

Tue Jan 21 12:23:14 GMT 2014 INFO 	 Task data_0.txt from project Weather

Tue Jan 21 12:23:16 GMT 2014 INFO Petr >> Current task: 

Tue Jan 21 12:23:19 GMT 2014 INFO Petr >> Current task: 

Tue Jan 21 12:23:19 GMT 2014 INFO 	 Task data_8.txt from project TestProject

Tue Jan 21 12:23:22 GMT 2014 INFO Palcat >> Current task: 

Tue Jan 21 12:23:24 GMT 2014 INFO Honza >> Current task: 

Tue Jan 21 12:23:27 GMT 2014 INFO Honza >> Current task: 

Tue Jan 21 12:23:28 GMT 2014 INFO 	 Task data_9.txt from project TestProject

Tue Jan 21 12:23:33 GMT 2014 INFO Jirik >> Current task: 

Tue Jan 21 12:23:33 GMT 2014 INFO 	 Task data_0.txt from project Weather

Tue Jan 21 12:23:33 GMT 2014 INFO 	 Task data_2.txt from project TestProject

Tue Jan 21 12:23:41 GMT 2014 INFO Honza >> Current task: 

Tue Jan 21 12:23:41 GMT 2014 INFO 	 Task data_5.txt from project Weather

Tue Jan 21 12:23:42 GMT 2014 INFO Petr >> Current task: 

Tue Jan 21 12:23:44 GMT 2014 INFO Honza >> Current task: 

Tue Jan 21 12:23:44 GMT 2014 INFO 	 Task data_5.txt from project TestProject

Tue Jan 21 12:23:45 GMT 2014 INFO Petr >> Current task: 

Tue Jan 21 12:23:45 GMT 2014 INFO 	 Task data_7.txt from project TestProject

Tue Jan 21 12:23:47 GMT 2014 INFO Palcat >> Current task: 

Tue Jan 21 12:23:59 GMT 2014 INFO Palcat >> Current task: 

Tue Jan 21 12:23:59 GMT 2014 INFO Palcat >> Current task: 

Tue Jan 21 12:23:59 GMT 2014 INFO 	 Task data_1.txt from project Weather

Tue Jan 21 12:24:04 GMT 2014 INFO Jirik >> Current task: 

Tue Jan 21 12:24:04 GMT 2014 INFO Jirik >> Current task: 

Tue Jan 21 12:24:04 GMT 2014 INFO 	 Task data_4.txt from project Weather

Tue Jan 21 12:24:06 GMT 2014 INFO Jirik >> Current task: 

Tue Jan 21 12:24:06 GMT 2014 INFO 	 Task data_4.txt from project Weather

Tue Jan 21 12:24:06 GMT 2014 INFO 	 Task data_6.txt from project Weather

